<?xml version="1.0" encoding="UTF-8"?>
<testsuite xmlns:xsi="http://www.w3.org/2001/XMLSchema-instance" xsi:noNamespaceSchemaLocation="https://maven.apache.org/surefire/maven-surefire-plugin/xsd/surefire-test-report-3.0.xsd" version="3.0" name="org.example.verify_emailTest" time="0.009" tests="2" errors="0" skipped="0" failures="0">
  <properties>
    <property name="java.specification.version" value="17"/>
    <property name="sun.jnu.encoding" value="UTF-8"/>
    <property name="java.class.path" value="/Users/shteckel/Documents/JavaDemoPrgv2/getstarted/target/test-classes:/Users/shteckel/Documents/JavaDemoPrgv2/getstarted/target/classes:/Users/shteckel/.m2/repository/com/amazonaws/aws-java-sdk/1.11.330/aws-java-sdk-1.11.330.jar:/Users/shteckel/.m2/repository/com/amazonaws/aws-java-sdk-iot1clickprojects/1.11.330/aws-java-sdk-iot1clickprojects-1.11.330.jar:/Users/shteckel/.m2/repository/com/amazonaws/jmespath-java/1.11.330/jmespath-java-1.11.330.jar:/Users/shteckel/.m2/repository/com/amazonaws/aws-java-sdk-iot1clickdevices/1.11.330/aws-java-sdk-iot1clickdevices-1.11.330.jar:/Users/shteckel/.m2/repository/com/amazonaws/aws-java-sdk-iotanalytics/1.11.330/aws-java-sdk-iotanalytics-1.11.330.jar:/Users/shteckel/.m2/repository/com/amazonaws/aws-java-sdk-acmpca/1.11.330/aws-java-sdk-acmpca-1.11.330.jar:/Users/shteckel/.m2/repository/com/amazonaws/aws-java-sdk-secretsmanager/1.11.330/aws-java-sdk-secretsmanager-1.11.330.jar:/Users/shteckel/.m2/repository/com/amazonaws/aws-java-sdk-fms/1.11.330/aws-java-sdk-fms-1.11.330.jar:/Users/shteckel/.m2/repository/com/amazonaws/aws-java-sdk-connect/1.11.330/aws-java-sdk-connect-1.11.330.jar:/Users/shteckel/.m2/repository/com/amazonaws/aws-java-sdk-transcribe/1.11.330/aws-java-sdk-transcribe-1.11.330.jar:/Users/shteckel/.m2/repository/com/amazonaws/aws-java-sdk-autoscalingplans/1.11.330/aws-java-sdk-autoscalingplans-1.11.330.jar:/Users/shteckel/.m2/repository/com/amazonaws/aws-java-sdk-workmail/1.11.330/aws-java-sdk-workmail-1.11.330.jar:/Users/shteckel/.m2/repository/com/amazonaws/aws-java-sdk-servicediscovery/1.11.330/aws-java-sdk-servicediscovery-1.11.330.jar:/Users/shteckel/.m2/repository/com/amazonaws/aws-java-sdk-cloud9/1.11.330/aws-java-sdk-cloud9-1.11.330.jar:/Users/shteckel/.m2/repository/com/amazonaws/aws-java-sdk-serverlessapplicationrepository/1.11.330/aws-java-sdk-serverlessapplicationrepository-1.11.330.jar:/Users/shteckel/.m2/repository/com/amazonaws/aws-java-sdk-alexaforbusiness/1.11.330/aws-java-sdk-alexaforbusiness-1.11.330.jar:/Users/shteckel/.m2/repository/com/amazonaws/aws-java-sdk-resourcegroups/1.11.330/aws-java-sdk-resourcegroups-1.11.330.jar:/Users/shteckel/.m2/repository/com/amazonaws/aws-java-sdk-comprehend/1.11.330/aws-java-sdk-comprehend-1.11.330.jar:/Users/shteckel/.m2/repository/com/amazonaws/aws-java-sdk-translate/1.11.330/aws-java-sdk-translate-1.11.330.jar:/Users/shteckel/.m2/repository/com/amazonaws/aws-java-sdk-sagemaker/1.11.330/aws-java-sdk-sagemaker-1.11.330.jar:/Users/shteckel/.m2/repository/com/amazonaws/aws-java-sdk-iotjobsdataplane/1.11.330/aws-java-sdk-iotjobsdataplane-1.11.330.jar:/Users/shteckel/.m2/repository/com/amazonaws/aws-java-sdk-sagemakerruntime/1.11.330/aws-java-sdk-sagemakerruntime-1.11.330.jar:/Users/shteckel/.m2/repository/com/amazonaws/aws-java-sdk-kinesisvideo/1.11.330/aws-java-sdk-kinesisvideo-1.11.330.jar:/Users/shteckel/.m2/repository/io/netty/netty-codec-http/4.1.17.Final/netty-codec-http-4.1.17.Final.jar:/Users/shteckel/.m2/repository/io/netty/netty-handler/4.1.17.Final/netty-handler-4.1.17.Final.jar:/Users/shteckel/.m2/repository/com/amazonaws/aws-java-sdk-appsync/1.11.330/aws-java-sdk-appsync-1.11.330.jar:/Users/shteckel/.m2/repository/com/amazonaws/aws-java-sdk-guardduty/1.11.330/aws-java-sdk-guardduty-1.11.330.jar:/Users/shteckel/.m2/repository/com/amazonaws/aws-java-sdk-mq/1.11.330/aws-java-sdk-mq-1.11.330.jar:/Users/shteckel/.m2/repository/com/amazonaws/aws-java-sdk-mediaconvert/1.11.330/aws-java-sdk-mediaconvert-1.11.330.jar:/Users/shteckel/.m2/repository/com/amazonaws/aws-java-sdk-mediastore/1.11.330/aws-java-sdk-mediastore-1.11.330.jar:/Users/shteckel/.m2/repository/com/amazonaws/aws-java-sdk-mediastoredata/1.11.330/aws-java-sdk-mediastoredata-1.11.330.jar:/Users/shteckel/.m2/repository/com/amazonaws/aws-java-sdk-medialive/1.11.330/aws-java-sdk-medialive-1.11.330.jar:/Users/shteckel/.m2/repository/com/amazonaws/aws-java-sdk-mediapackage/1.11.330/aws-java-sdk-mediapackage-1.11.330.jar:/Users/shteckel/.m2/repository/com/amazonaws/aws-java-sdk-costexplorer/1.11.330/aws-java-sdk-costexplorer-1.11.330.jar:/Users/shteckel/.m2/repository/com/amazonaws/aws-java-sdk-pricing/1.11.330/aws-java-sdk-pricing-1.11.330.jar:/Users/shteckel/.m2/repository/com/amazonaws/aws-java-sdk-mobile/1.11.330/aws-java-sdk-mobile-1.11.330.jar:/Users/shteckel/.m2/repository/com/amazonaws/aws-java-sdk-cloudhsmv2/1.11.330/aws-java-sdk-cloudhsmv2-1.11.330.jar:/Users/shteckel/.m2/repository/com/amazonaws/aws-java-sdk-glue/1.11.330/aws-java-sdk-glue-1.11.330.jar:/Users/shteckel/.m2/repository/com/amazonaws/aws-java-sdk-migrationhub/1.11.330/aws-java-sdk-migrationhub-1.11.330.jar:/Users/shteckel/.m2/repository/com/amazonaws/aws-java-sdk-dax/1.11.330/aws-java-sdk-dax-1.11.330.jar:/Users/shteckel/.m2/repository/com/amazonaws/aws-java-sdk-greengrass/1.11.330/aws-java-sdk-greengrass-1.11.330.jar:/Users/shteckel/.m2/repository/com/amazonaws/aws-java-sdk-athena/1.11.330/aws-java-sdk-athena-1.11.330.jar:/Users/shteckel/.m2/repository/com/amazonaws/aws-java-sdk-marketplaceentitlement/1.11.330/aws-java-sdk-marketplaceentitlement-1.11.330.jar:/Users/shteckel/.m2/repository/com/amazonaws/aws-java-sdk-codestar/1.11.330/aws-java-sdk-codestar-1.11.330.jar:/Users/shteckel/.m2/repository/com/amazonaws/aws-java-sdk-lexmodelbuilding/1.11.330/aws-java-sdk-lexmodelbuilding-1.11.330.jar:/Users/shteckel/.m2/repository/com/amazonaws/aws-java-sdk-resourcegroupstaggingapi/1.11.330/aws-java-sdk-resourcegroupstaggingapi-1.11.330.jar:/Users/shteckel/.m2/repository/com/amazonaws/aws-java-sdk-pinpoint/1.11.330/aws-java-sdk-pinpoint-1.11.330.jar:/Users/shteckel/.m2/repository/com/amazonaws/aws-java-sdk-xray/1.11.330/aws-java-sdk-xray-1.11.330.jar:/Users/shteckel/.m2/repository/com/amazonaws/aws-java-sdk-opsworkscm/1.11.330/aws-java-sdk-opsworkscm-1.11.330.jar:/Users/shteckel/.m2/repository/com/amazonaws/aws-java-sdk-support/1.11.330/aws-java-sdk-support-1.11.330.jar:/Users/shteckel/.m2/repository/com/amazonaws/aws-java-sdk-simpledb/1.11.330/aws-java-sdk-simpledb-1.11.330.jar:/Users/shteckel/.m2/repository/com/amazonaws/aws-java-sdk-servicecatalog/1.11.330/aws-java-sdk-servicecatalog-1.11.330.jar:/Users/shteckel/.m2/repository/com/amazonaws/aws-java-sdk-servermigration/1.11.330/aws-java-sdk-servermigration-1.11.330.jar:/Users/shteckel/.m2/repository/com/amazonaws/aws-java-sdk-simpleworkflow/1.11.330/aws-java-sdk-simpleworkflow-1.11.330.jar:/Users/shteckel/.m2/repository/com/amazonaws/aws-java-sdk-storagegateway/1.11.330/aws-java-sdk-storagegateway-1.11.330.jar:/Users/shteckel/.m2/repository/com/amazonaws/aws-java-sdk-route53/1.11.330/aws-java-sdk-route53-1.11.330.jar:/Users/shteckel/.m2/repository/com/amazonaws/aws-java-sdk-s3/1.11.330/aws-java-sdk-s3-1.11.330.jar:/Users/shteckel/.m2/repository/com/amazonaws/aws-java-sdk-importexport/1.11.330/aws-java-sdk-importexport-1.11.330.jar:/Users/shteckel/.m2/repository/com/amazonaws/aws-java-sdk-sts/1.11.330/aws-java-sdk-sts-1.11.330.jar:/Users/shteckel/.m2/repository/com/amazonaws/aws-java-sdk-sqs/1.11.330/aws-java-sdk-sqs-1.11.330.jar:/Users/shteckel/.m2/repository/com/amazonaws/aws-java-sdk-rds/1.11.330/aws-java-sdk-rds-1.11.330.jar:/Users/shteckel/.m2/repository/com/amazonaws/aws-java-sdk-redshift/1.11.330/aws-java-sdk-redshift-1.11.330.jar:/Users/shteckel/.m2/repository/com/amazonaws/aws-java-sdk-elasticbeanstalk/1.11.330/aws-java-sdk-elasticbeanstalk-1.11.330.jar:/Users/shteckel/.m2/repository/com/amazonaws/aws-java-sdk-glacier/1.11.330/aws-java-sdk-glacier-1.11.330.jar:/Users/shteckel/.m2/repository/com/amazonaws/aws-java-sdk-iam/1.11.330/aws-java-sdk-iam-1.11.330.jar:/Users/shteckel/.m2/repository/com/amazonaws/aws-java-sdk-datapipeline/1.11.330/aws-java-sdk-datapipeline-1.11.330.jar:/Users/shteckel/.m2/repository/com/amazonaws/aws-java-sdk-elasticloadbalancing/1.11.330/aws-java-sdk-elasticloadbalancing-1.11.330.jar:/Users/shteckel/.m2/repository/com/amazonaws/aws-java-sdk-elasticloadbalancingv2/1.11.330/aws-java-sdk-elasticloadbalancingv2-1.11.330.jar:/Users/shteckel/.m2/repository/com/amazonaws/aws-java-sdk-emr/1.11.330/aws-java-sdk-emr-1.11.330.jar:/Users/shteckel/.m2/repository/com/amazonaws/aws-java-sdk-elasticache/1.11.330/aws-java-sdk-elasticache-1.11.330.jar:/Users/shteckel/.m2/repository/com/amazonaws/aws-java-sdk-elastictranscoder/1.11.330/aws-java-sdk-elastictranscoder-1.11.330.jar:/Users/shteckel/.m2/repository/com/amazonaws/aws-java-sdk-ec2/1.11.330/aws-java-sdk-ec2-1.11.330.jar:/Users/shteckel/.m2/repository/com/amazonaws/aws-java-sdk-dynamodb/1.11.330/aws-java-sdk-dynamodb-1.11.330.jar:/Users/shteckel/.m2/repository/com/amazonaws/aws-java-sdk-sns/1.11.330/aws-java-sdk-sns-1.11.330.jar:/Users/shteckel/.m2/repository/com/amazonaws/aws-java-sdk-budgets/1.11.330/aws-java-sdk-budgets-1.11.330.jar:/Users/shteckel/.m2/repository/com/amazonaws/aws-java-sdk-cloudtrail/1.11.330/aws-java-sdk-cloudtrail-1.11.330.jar:/Users/shteckel/.m2/repository/com/amazonaws/aws-java-sdk-cloudwatch/1.11.330/aws-java-sdk-cloudwatch-1.11.330.jar:/Users/shteckel/.m2/repository/com/amazonaws/aws-java-sdk-logs/1.11.330/aws-java-sdk-logs-1.11.330.jar:/Users/shteckel/.m2/repository/com/amazonaws/aws-java-sdk-events/1.11.330/aws-java-sdk-events-1.11.330.jar:/Users/shteckel/.m2/repository/com/amazonaws/aws-java-sdk-cognitoidentity/1.11.330/aws-java-sdk-cognitoidentity-1.11.330.jar:/Users/shteckel/.m2/repository/com/amazonaws/aws-java-sdk-cognitosync/1.11.330/aws-java-sdk-cognitosync-1.11.330.jar:/Users/shteckel/.m2/repository/com/amazonaws/aws-java-sdk-directconnect/1.11.330/aws-java-sdk-directconnect-1.11.330.jar:/Users/shteckel/.m2/repository/com/amazonaws/aws-java-sdk-cloudformation/1.11.330/aws-java-sdk-cloudformation-1.11.330.jar:/Users/shteckel/.m2/repository/com/amazonaws/aws-java-sdk-cloudfront/1.11.330/aws-java-sdk-cloudfront-1.11.330.jar:/Users/shteckel/.m2/repository/com/amazonaws/aws-java-sdk-clouddirectory/1.11.330/aws-java-sdk-clouddirectory-1.11.330.jar:/Users/shteckel/.m2/repository/com/amazonaws/aws-java-sdk-kinesis/1.11.330/aws-java-sdk-kinesis-1.11.330.jar:/Users/shteckel/.m2/repository/com/amazonaws/aws-java-sdk-opsworks/1.11.330/aws-java-sdk-opsworks-1.11.330.jar:/Users/shteckel/.m2/repository/com/amazonaws/aws-java-sdk-ses/1.11.330/aws-java-sdk-ses-1.11.330.jar:/Users/shteckel/.m2/repository/com/amazonaws/aws-java-sdk-autoscaling/1.11.330/aws-java-sdk-autoscaling-1.11.330.jar:/Users/shteckel/.m2/repository/com/amazonaws/aws-java-sdk-cloudsearch/1.11.330/aws-java-sdk-cloudsearch-1.11.330.jar:/Users/shteckel/.m2/repository/com/amazonaws/aws-java-sdk-cloudwatchmetrics/1.11.330/aws-java-sdk-cloudwatchmetrics-1.11.330.jar:/Users/shteckel/.m2/repository/com/amazonaws/aws-java-sdk-codedeploy/1.11.330/aws-java-sdk-codedeploy-1.11.330.jar:/Users/shteckel/.m2/repository/com/amazonaws/aws-java-sdk-codepipeline/1.11.330/aws-java-sdk-codepipeline-1.11.330.jar:/Users/shteckel/.m2/repository/com/amazonaws/aws-java-sdk-kms/1.11.330/aws-java-sdk-kms-1.11.330.jar:/Users/shteckel/.m2/repository/com/amazonaws/aws-java-sdk-config/1.11.330/aws-java-sdk-config-1.11.330.jar:/Users/shteckel/.m2/repository/com/amazonaws/aws-java-sdk-lambda/1.11.330/aws-java-sdk-lambda-1.11.330.jar:/Users/shteckel/.m2/repository/com/amazonaws/aws-java-sdk-ecs/1.11.330/aws-java-sdk-ecs-1.11.330.jar:/Users/shteckel/.m2/repository/com/amazonaws/aws-java-sdk-ecr/1.11.330/aws-java-sdk-ecr-1.11.330.jar:/Users/shteckel/.m2/repository/com/amazonaws/aws-java-sdk-cloudhsm/1.11.330/aws-java-sdk-cloudhsm-1.11.330.jar:/Users/shteckel/.m2/repository/com/amazonaws/aws-java-sdk-ssm/1.11.330/aws-java-sdk-ssm-1.11.330.jar:/Users/shteckel/.m2/repository/com/amazonaws/aws-java-sdk-workspaces/1.11.330/aws-java-sdk-workspaces-1.11.330.jar:/Users/shteckel/.m2/repository/com/amazonaws/aws-java-sdk-machinelearning/1.11.330/aws-java-sdk-machinelearning-1.11.330.jar:/Users/shteckel/.m2/repository/com/amazonaws/aws-java-sdk-directory/1.11.330/aws-java-sdk-directory-1.11.330.jar:/Users/shteckel/.m2/repository/com/amazonaws/aws-java-sdk-efs/1.11.330/aws-java-sdk-efs-1.11.330.jar:/Users/shteckel/.m2/repository/com/amazonaws/aws-java-sdk-codecommit/1.11.330/aws-java-sdk-codecommit-1.11.330.jar:/Users/shteckel/.m2/repository/com/amazonaws/aws-java-sdk-devicefarm/1.11.330/aws-java-sdk-devicefarm-1.11.330.jar:/Users/shteckel/.m2/repository/com/amazonaws/aws-java-sdk-elasticsearch/1.11.330/aws-java-sdk-elasticsearch-1.11.330.jar:/Users/shteckel/.m2/repository/com/amazonaws/aws-java-sdk-waf/1.11.330/aws-java-sdk-waf-1.11.330.jar:/Users/shteckel/.m2/repository/com/amazonaws/aws-java-sdk-marketplacecommerceanalytics/1.11.330/aws-java-sdk-marketplacecommerceanalytics-1.11.330.jar:/Users/shteckel/.m2/repository/com/amazonaws/aws-java-sdk-inspector/1.11.330/aws-java-sdk-inspector-1.11.330.jar:/Users/shteckel/.m2/repository/com/amazonaws/aws-java-sdk-iot/1.11.330/aws-java-sdk-iot-1.11.330.jar:/Users/shteckel/.m2/repository/com/amazonaws/aws-java-sdk-api-gateway/1.11.330/aws-java-sdk-api-gateway-1.11.330.jar:/Users/shteckel/.m2/repository/com/amazonaws/aws-java-sdk-acm/1.11.330/aws-java-sdk-acm-1.11.330.jar:/Users/shteckel/.m2/repository/com/amazonaws/aws-java-sdk-gamelift/1.11.330/aws-java-sdk-gamelift-1.11.330.jar:/Users/shteckel/.m2/repository/com/amazonaws/aws-java-sdk-dms/1.11.330/aws-java-sdk-dms-1.11.330.jar:/Users/shteckel/.m2/repository/com/amazonaws/aws-java-sdk-marketplacemeteringservice/1.11.330/aws-java-sdk-marketplacemeteringservice-1.11.330.jar:/Users/shteckel/.m2/repository/com/amazonaws/aws-java-sdk-cognitoidp/1.11.330/aws-java-sdk-cognitoidp-1.11.330.jar:/Users/shteckel/.m2/repository/com/amazonaws/aws-java-sdk-discovery/1.11.330/aws-java-sdk-discovery-1.11.330.jar:/Users/shteckel/.m2/repository/com/amazonaws/aws-java-sdk-applicationautoscaling/1.11.330/aws-java-sdk-applicationautoscaling-1.11.330.jar:/Users/shteckel/.m2/repository/com/amazonaws/aws-java-sdk-snowball/1.11.330/aws-java-sdk-snowball-1.11.330.jar:/Users/shteckel/.m2/repository/com/amazonaws/aws-java-sdk-rekognition/1.11.330/aws-java-sdk-rekognition-1.11.330.jar:/Users/shteckel/.m2/repository/com/amazonaws/aws-java-sdk-polly/1.11.330/aws-java-sdk-polly-1.11.330.jar:/Users/shteckel/.m2/repository/com/amazonaws/aws-java-sdk-lightsail/1.11.330/aws-java-sdk-lightsail-1.11.330.jar:/Users/shteckel/.m2/repository/com/amazonaws/aws-java-sdk-stepfunctions/1.11.330/aws-java-sdk-stepfunctions-1.11.330.jar:/Users/shteckel/.m2/repository/com/amazonaws/aws-java-sdk-health/1.11.330/aws-java-sdk-health-1.11.330.jar:/Users/shteckel/.m2/repository/com/amazonaws/aws-java-sdk-costandusagereport/1.11.330/aws-java-sdk-costandusagereport-1.11.330.jar:/Users/shteckel/.m2/repository/com/amazonaws/aws-java-sdk-codebuild/1.11.330/aws-java-sdk-codebuild-1.11.330.jar:/Users/shteckel/.m2/repository/com/amazonaws/aws-java-sdk-appstream/1.11.330/aws-java-sdk-appstream-1.11.330.jar:/Users/shteckel/.m2/repository/com/amazonaws/aws-java-sdk-shield/1.11.330/aws-java-sdk-shield-1.11.330.jar:/Users/shteckel/.m2/repository/com/amazonaws/aws-java-sdk-batch/1.11.330/aws-java-sdk-batch-1.11.330.jar:/Users/shteckel/.m2/repository/com/amazonaws/aws-java-sdk-lex/1.11.330/aws-java-sdk-lex-1.11.330.jar:/Users/shteckel/.m2/repository/com/amazonaws/aws-java-sdk-mechanicalturkrequester/1.11.330/aws-java-sdk-mechanicalturkrequester-1.11.330.jar:/Users/shteckel/.m2/repository/com/amazonaws/aws-java-sdk-organizations/1.11.330/aws-java-sdk-organizations-1.11.330.jar:/Users/shteckel/.m2/repository/com/amazonaws/aws-java-sdk-workdocs/1.11.330/aws-java-sdk-workdocs-1.11.330.jar:/Users/shteckel/.m2/repository/com/amazonaws/aws-java-sdk-core/1.11.330/aws-java-sdk-core-1.11.330.jar:/Users/shteckel/.m2/repository/commons-logging/commons-logging/1.1.3/commons-logging-1.1.3.jar:/Users/shteckel/.m2/repository/software/amazon/ion/ion-java/1.0.2/ion-java-1.0.2.jar:/Users/shteckel/.m2/repository/com/fasterxml/jackson/core/jackson-databind/2.6.7.1/jackson-databind-2.6.7.1.jar:/Users/shteckel/.m2/repository/com/fasterxml/jackson/core/jackson-annotations/2.6.0/jackson-annotations-2.6.0.jar:/Users/shteckel/.m2/repository/com/fasterxml/jackson/core/jackson-core/2.6.7/jackson-core-2.6.7.jar:/Users/shteckel/.m2/repository/com/fasterxml/jackson/dataformat/jackson-dataformat-cbor/2.6.7/jackson-dataformat-cbor-2.6.7.jar:/Users/shteckel/.m2/repository/joda-time/joda-time/2.8.1/joda-time-2.8.1.jar:/Users/shteckel/.m2/repository/com/amazonaws/aws-java-sdk-models/1.11.330/aws-java-sdk-models-1.11.330.jar:/Users/shteckel/.m2/repository/com/amazonaws/aws-java-sdk-swf-libraries/1.11.22/aws-java-sdk-swf-libraries-1.11.22.jar:/Users/shteckel/.m2/repository/software/amazon/awssdk/s3/2.20.43/s3-2.20.43.jar:/Users/shteckel/.m2/repository/software/amazon/awssdk/aws-xml-protocol/2.20.43/aws-xml-protocol-2.20.43.jar:/Users/shteckel/.m2/repository/software/amazon/awssdk/aws-query-protocol/2.20.43/aws-query-protocol-2.20.43.jar:/Users/shteckel/.m2/repository/software/amazon/awssdk/protocol-core/2.20.43/protocol-core-2.20.43.jar:/Users/shteckel/.m2/repository/software/amazon/awssdk/arns/2.20.43/arns-2.20.43.jar:/Users/shteckel/.m2/repository/software/amazon/awssdk/profiles/2.20.43/profiles-2.20.43.jar:/Users/shteckel/.m2/repository/software/amazon/awssdk/crt-core/2.20.43/crt-core-2.20.43.jar:/Users/shteckel/.m2/repository/software/amazon/awssdk/sdk-core/2.20.43/sdk-core-2.20.43.jar:/Users/shteckel/.m2/repository/org/reactivestreams/reactive-streams/1.0.3/reactive-streams-1.0.3.jar:/Users/shteckel/.m2/repository/software/amazon/awssdk/auth/2.20.43/auth-2.20.43.jar:/Users/shteckel/.m2/repository/software/amazon/eventstream/eventstream/1.0.1/eventstream-1.0.1.jar:/Users/shteckel/.m2/repository/software/amazon/awssdk/http-client-spi/2.20.43/http-client-spi-2.20.43.jar:/Users/shteckel/.m2/repository/software/amazon/awssdk/regions/2.20.43/regions-2.20.43.jar:/Users/shteckel/.m2/repository/software/amazon/awssdk/annotations/2.20.43/annotations-2.20.43.jar:/Users/shteckel/.m2/repository/software/amazon/awssdk/utils/2.20.43/utils-2.20.43.jar:/Users/shteckel/.m2/repository/software/amazon/awssdk/aws-core/2.20.43/aws-core-2.20.43.jar:/Users/shteckel/.m2/repository/software/amazon/awssdk/metrics-spi/2.20.43/metrics-spi-2.20.43.jar:/Users/shteckel/.m2/repository/software/amazon/awssdk/json-utils/2.20.43/json-utils-2.20.43.jar:/Users/shteckel/.m2/repository/software/amazon/awssdk/endpoints-spi/2.20.43/endpoints-spi-2.20.43.jar:/Users/shteckel/.m2/repository/software/amazon/awssdk/netty-nio-client/2.20.43/netty-nio-client-2.20.43.jar:/Users/shteckel/.m2/repository/io/netty/netty-codec-http2/4.1.86.Final/netty-codec-http2-4.1.86.Final.jar:/Users/shteckel/.m2/repository/io/netty/netty-codec/4.1.86.Final/netty-codec-4.1.86.Final.jar:/Users/shteckel/.m2/repository/io/netty/netty-transport/4.1.86.Final/netty-transport-4.1.86.Final.jar:/Users/shteckel/.m2/repository/io/netty/netty-resolver/4.1.86.Final/netty-resolver-4.1.86.Final.jar:/Users/shteckel/.m2/repository/io/netty/netty-common/4.1.86.Final/netty-common-4.1.86.Final.jar:/Users/shteckel/.m2/repository/io/netty/netty-buffer/4.1.86.Final/netty-buffer-4.1.86.Final.jar:/Users/shteckel/.m2/repository/io/netty/netty-transport-classes-epoll/4.1.86.Final/netty-transport-classes-epoll-4.1.86.Final.jar:/Users/shteckel/.m2/repository/io/netty/netty-transport-native-unix-common/4.1.86.Final/netty-transport-native-unix-common-4.1.86.Final.jar:/Users/shteckel/.m2/repository/software/amazon/awssdk/sso/2.20.43/sso-2.20.43.jar:/Users/shteckel/.m2/repository/software/amazon/awssdk/aws-json-protocol/2.20.43/aws-json-protocol-2.20.43.jar:/Users/shteckel/.m2/repository/software/amazon/awssdk/s3control/2.20.43/s3control-2.20.43.jar:/Users/shteckel/.m2/repository/software/amazon/awssdk/ssooidc/2.20.43/ssooidc-2.20.43.jar:/Users/shteckel/.m2/repository/software/amazon/awssdk/third-party-jackson-core/2.20.43/third-party-jackson-core-2.20.43.jar:/Users/shteckel/.m2/repository/software/amazon/awssdk/aws-sdk-java/2.20.74/aws-sdk-java-2.20.74.jar:/Users/shteckel/.m2/repository/software/amazon/awssdk/acm/2.20.43/acm-2.20.43.jar:/Users/shteckel/.m2/repository/software/amazon/awssdk/acmpca/2.20.43/acmpca-2.20.43.jar:/Users/shteckel/.m2/repository/software/amazon/awssdk/alexaforbusiness/2.20.43/alexaforbusiness-2.20.43.jar:/Users/shteckel/.m2/repository/software/amazon/awssdk/amplify/2.20.43/amplify-2.20.43.jar:/Users/shteckel/.m2/repository/software/amazon/awssdk/apigateway/2.20.43/apigateway-2.20.43.jar:/Users/shteckel/.m2/repository/software/amazon/awssdk/apigatewaymanagementapi/2.20.43/apigatewaymanagementapi-2.20.43.jar:/Users/shteckel/.m2/repository/software/amazon/awssdk/apigatewayv2/2.20.43/apigatewayv2-2.20.43.jar:/Users/shteckel/.m2/repository/software/amazon/awssdk/applicationautoscaling/2.20.43/applicationautoscaling-2.20.43.jar:/Users/shteckel/.m2/repository/software/amazon/awssdk/applicationdiscovery/2.20.43/applicationdiscovery-2.20.43.jar:/Users/shteckel/.m2/repository/software/amazon/awssdk/appmesh/2.20.43/appmesh-2.20.43.jar:/Users/shteckel/.m2/repository/software/amazon/awssdk/appstream/2.20.43/appstream-2.20.43.jar:/Users/shteckel/.m2/repository/software/amazon/awssdk/appsync/2.20.43/appsync-2.20.43.jar:/Users/shteckel/.m2/repository/software/amazon/awssdk/athena/2.20.43/athena-2.20.43.jar:/Users/shteckel/.m2/repository/software/amazon/awssdk/autoscaling/2.20.43/autoscaling-2.20.43.jar:/Users/shteckel/.m2/repository/software/amazon/awssdk/autoscalingplans/2.20.43/autoscalingplans-2.20.43.jar:/Users/shteckel/.m2/repository/software/amazon/awssdk/backup/2.20.43/backup-2.20.43.jar:/Users/shteckel/.m2/repository/software/amazon/awssdk/batch/2.20.43/batch-2.20.43.jar:/Users/shteckel/.m2/repository/software/amazon/awssdk/budgets/2.20.43/budgets-2.20.43.jar:/Users/shteckel/.m2/repository/software/amazon/awssdk/chime/2.20.43/chime-2.20.43.jar:/Users/shteckel/.m2/repository/software/amazon/awssdk/cloud9/2.20.43/cloud9-2.20.43.jar:/Users/shteckel/.m2/repository/software/amazon/awssdk/clouddirectory/2.20.43/clouddirectory-2.20.43.jar:/Users/shteckel/.m2/repository/software/amazon/awssdk/cloudformation/2.20.43/cloudformation-2.20.43.jar:/Users/shteckel/.m2/repository/software/amazon/awssdk/cloudfront/2.20.43/cloudfront-2.20.43.jar:/Users/shteckel/.m2/repository/software/amazon/awssdk/cloudhsm/2.20.43/cloudhsm-2.20.43.jar:/Users/shteckel/.m2/repository/software/amazon/awssdk/cloudhsmv2/2.20.43/cloudhsmv2-2.20.43.jar:/Users/shteckel/.m2/repository/software/amazon/awssdk/cloudsearch/2.20.43/cloudsearch-2.20.43.jar:/Users/shteckel/.m2/repository/software/amazon/awssdk/cloudsearchdomain/2.20.43/cloudsearchdomain-2.20.43.jar:/Users/shteckel/.m2/repository/software/amazon/awssdk/cloudtrail/2.20.43/cloudtrail-2.20.43.jar:/Users/shteckel/.m2/repository/software/amazon/awssdk/cloudwatch/2.20.43/cloudwatch-2.20.43.jar:/Users/shteckel/.m2/repository/software/amazon/awssdk/cloudwatchevents/2.20.43/cloudwatchevents-2.20.43.jar:/Users/shteckel/.m2/repository/software/amazon/awssdk/cloudwatchlogs/2.20.43/cloudwatchlogs-2.20.43.jar:/Users/shteckel/.m2/repository/software/amazon/awssdk/codebuild/2.20.43/codebuild-2.20.43.jar:/Users/shteckel/.m2/repository/software/amazon/awssdk/codecommit/2.20.43/codecommit-2.20.43.jar:/Users/shteckel/.m2/repository/software/amazon/awssdk/codedeploy/2.20.43/codedeploy-2.20.43.jar:/Users/shteckel/.m2/repository/software/amazon/awssdk/codepipeline/2.20.43/codepipeline-2.20.43.jar:/Users/shteckel/.m2/repository/software/amazon/awssdk/codestar/2.20.43/codestar-2.20.43.jar:/Users/shteckel/.m2/repository/software/amazon/awssdk/cognitoidentity/2.20.43/cognitoidentity-2.20.43.jar:/Users/shteckel/.m2/repository/software/amazon/awssdk/cognitoidentityprovider/2.20.43/cognitoidentityprovider-2.20.43.jar:/Users/shteckel/.m2/repository/software/amazon/awssdk/cognitosync/2.20.43/cognitosync-2.20.43.jar:/Users/shteckel/.m2/repository/software/amazon/awssdk/comprehend/2.20.43/comprehend-2.20.43.jar:/Users/shteckel/.m2/repository/software/amazon/awssdk/comprehendmedical/2.20.43/comprehendmedical-2.20.43.jar:/Users/shteckel/.m2/repository/software/amazon/awssdk/config/2.20.43/config-2.20.43.jar:/Users/shteckel/.m2/repository/software/amazon/awssdk/connect/2.20.43/connect-2.20.43.jar:/Users/shteckel/.m2/repository/software/amazon/awssdk/costandusagereport/2.20.43/costandusagereport-2.20.43.jar:/Users/shteckel/.m2/repository/software/amazon/awssdk/costexplorer/2.20.43/costexplorer-2.20.43.jar:/Users/shteckel/.m2/repository/software/amazon/awssdk/databasemigration/2.20.43/databasemigration-2.20.43.jar:/Users/shteckel/.m2/repository/software/amazon/awssdk/datapipeline/2.20.43/datapipeline-2.20.43.jar:/Users/shteckel/.m2/repository/software/amazon/awssdk/datasync/2.20.43/datasync-2.20.43.jar:/Users/shteckel/.m2/repository/software/amazon/awssdk/dax/2.20.43/dax-2.20.43.jar:/Users/shteckel/.m2/repository/software/amazon/awssdk/devicefarm/2.20.43/devicefarm-2.20.43.jar:/Users/shteckel/.m2/repository/software/amazon/awssdk/directconnect/2.20.43/directconnect-2.20.43.jar:/Users/shteckel/.m2/repository/software/amazon/awssdk/directory/2.20.43/directory-2.20.43.jar:/Users/shteckel/.m2/repository/software/amazon/awssdk/dlm/2.20.43/dlm-2.20.43.jar:/Users/shteckel/.m2/repository/software/amazon/awssdk/docdb/2.20.43/docdb-2.20.43.jar:/Users/shteckel/.m2/repository/software/amazon/awssdk/dynamodb/2.20.43/dynamodb-2.20.43.jar:/Users/shteckel/.m2/repository/software/amazon/awssdk/ec2/2.20.43/ec2-2.20.43.jar:/Users/shteckel/.m2/repository/software/amazon/awssdk/ecr/2.20.43/ecr-2.20.43.jar:/Users/shteckel/.m2/repository/software/amazon/awssdk/ecs/2.20.43/ecs-2.20.43.jar:/Users/shteckel/.m2/repository/software/amazon/awssdk/efs/2.20.43/efs-2.20.43.jar:/Users/shteckel/.m2/repository/software/amazon/awssdk/eks/2.20.43/eks-2.20.43.jar:/Users/shteckel/.m2/repository/software/amazon/awssdk/elasticache/2.20.43/elasticache-2.20.43.jar:/Users/shteckel/.m2/repository/software/amazon/awssdk/elasticbeanstalk/2.20.43/elasticbeanstalk-2.20.43.jar:/Users/shteckel/.m2/repository/software/amazon/awssdk/elasticloadbalancing/2.20.43/elasticloadbalancing-2.20.43.jar:/Users/shteckel/.m2/repository/software/amazon/awssdk/elasticloadbalancingv2/2.20.43/elasticloadbalancingv2-2.20.43.jar:/Users/shteckel/.m2/repository/software/amazon/awssdk/elasticsearch/2.20.43/elasticsearch-2.20.43.jar:/Users/shteckel/.m2/repository/software/amazon/awssdk/elastictranscoder/2.20.43/elastictranscoder-2.20.43.jar:/Users/shteckel/.m2/repository/software/amazon/awssdk/emr/2.20.43/emr-2.20.43.jar:/Users/shteckel/.m2/repository/software/amazon/awssdk/firehose/2.20.43/firehose-2.20.43.jar:/Users/shteckel/.m2/repository/software/amazon/awssdk/fms/2.20.43/fms-2.20.43.jar:/Users/shteckel/.m2/repository/software/amazon/awssdk/fsx/2.20.43/fsx-2.20.43.jar:/Users/shteckel/.m2/repository/software/amazon/awssdk/gamelift/2.20.43/gamelift-2.20.43.jar:/Users/shteckel/.m2/repository/software/amazon/awssdk/glacier/2.20.43/glacier-2.20.43.jar:/Users/shteckel/.m2/repository/software/amazon/awssdk/globalaccelerator/2.20.43/globalaccelerator-2.20.43.jar:/Users/shteckel/.m2/repository/software/amazon/awssdk/glue/2.20.43/glue-2.20.43.jar:/Users/shteckel/.m2/repository/software/amazon/awssdk/greengrass/2.20.43/greengrass-2.20.43.jar:/Users/shteckel/.m2/repository/software/amazon/awssdk/guardduty/2.20.43/guardduty-2.20.43.jar:/Users/shteckel/.m2/repository/software/amazon/awssdk/health/2.20.43/health-2.20.43.jar:/Users/shteckel/.m2/repository/software/amazon/awssdk/iam/2.20.43/iam-2.20.43.jar:/Users/shteckel/.m2/repository/software/amazon/awssdk/inspector/2.20.43/inspector-2.20.43.jar:/Users/shteckel/.m2/repository/software/amazon/awssdk/iot/2.20.43/iot-2.20.43.jar:/Users/shteckel/.m2/repository/software/amazon/awssdk/iot1clickdevices/2.20.43/iot1clickdevices-2.20.43.jar:/Users/shteckel/.m2/repository/software/amazon/awssdk/iot1clickprojects/2.20.43/iot1clickprojects-2.20.43.jar:/Users/shteckel/.m2/repository/software/amazon/awssdk/iotanalytics/2.20.43/iotanalytics-2.20.43.jar:/Users/shteckel/.m2/repository/software/amazon/awssdk/iotdataplane/2.20.43/iotdataplane-2.20.43.jar:/Users/shteckel/.m2/repository/software/amazon/awssdk/iotjobsdataplane/2.20.43/iotjobsdataplane-2.20.43.jar:/Users/shteckel/.m2/repository/software/amazon/awssdk/kafka/2.20.43/kafka-2.20.43.jar:/Users/shteckel/.m2/repository/software/amazon/awssdk/kinesis/2.20.43/kinesis-2.20.43.jar:/Users/shteckel/.m2/repository/software/amazon/awssdk/aws-cbor-protocol/2.20.43/aws-cbor-protocol-2.20.43.jar:/Users/shteckel/.m2/repository/software/amazon/awssdk/third-party-jackson-dataformat-cbor/2.20.43/third-party-jackson-dataformat-cbor-2.20.43.jar:/Users/shteckel/.m2/repository/software/amazon/awssdk/kinesisanalytics/2.20.43/kinesisanalytics-2.20.43.jar:/Users/shteckel/.m2/repository/software/amazon/awssdk/kinesisanalyticsv2/2.20.43/kinesisanalyticsv2-2.20.43.jar:/Users/shteckel/.m2/repository/software/amazon/awssdk/kinesisvideo/2.20.43/kinesisvideo-2.20.43.jar:/Users/shteckel/.m2/repository/software/amazon/awssdk/kinesisvideoarchivedmedia/2.20.43/kinesisvideoarchivedmedia-2.20.43.jar:/Users/shteckel/.m2/repository/software/amazon/awssdk/kinesisvideomedia/2.20.43/kinesisvideomedia-2.20.43.jar:/Users/shteckel/.m2/repository/software/amazon/awssdk/kms/2.20.43/kms-2.20.43.jar:/Users/shteckel/.m2/repository/software/amazon/awssdk/lambda/2.20.43/lambda-2.20.43.jar:/Users/shteckel/.m2/repository/software/amazon/awssdk/lexmodelbuilding/2.20.43/lexmodelbuilding-2.20.43.jar:/Users/shteckel/.m2/repository/software/amazon/awssdk/lexruntime/2.20.43/lexruntime-2.20.43.jar:/Users/shteckel/.m2/repository/software/amazon/awssdk/licensemanager/2.20.43/licensemanager-2.20.43.jar:/Users/shteckel/.m2/repository/software/amazon/awssdk/lightsail/2.20.43/lightsail-2.20.43.jar:/Users/shteckel/.m2/repository/software/amazon/awssdk/machinelearning/2.20.43/machinelearning-2.20.43.jar:/Users/shteckel/.m2/repository/software/amazon/awssdk/macie/2.20.43/macie-2.20.43.jar:/Users/shteckel/.m2/repository/software/amazon/awssdk/managedblockchain/2.20.43/managedblockchain-2.20.43.jar:/Users/shteckel/.m2/repository/software/amazon/awssdk/marketplacecommerceanalytics/2.20.43/marketplacecommerceanalytics-2.20.43.jar:/Users/shteckel/.m2/repository/software/amazon/awssdk/marketplaceentitlement/2.20.43/marketplaceentitlement-2.20.43.jar:/Users/shteckel/.m2/repository/software/amazon/awssdk/marketplacemetering/2.20.43/marketplacemetering-2.20.43.jar:/Users/shteckel/.m2/repository/software/amazon/awssdk/mediaconnect/2.20.43/mediaconnect-2.20.43.jar:/Users/shteckel/.m2/repository/software/amazon/awssdk/mediaconvert/2.20.43/mediaconvert-2.20.43.jar:/Users/shteckel/.m2/repository/software/amazon/awssdk/medialive/2.20.43/medialive-2.20.43.jar:/Users/shteckel/.m2/repository/software/amazon/awssdk/mediapackage/2.20.43/mediapackage-2.20.43.jar:/Users/shteckel/.m2/repository/software/amazon/awssdk/mediapackagevod/2.20.43/mediapackagevod-2.20.43.jar:/Users/shteckel/.m2/repository/software/amazon/awssdk/mediastore/2.20.43/mediastore-2.20.43.jar:/Users/shteckel/.m2/repository/software/amazon/awssdk/mediastoredata/2.20.43/mediastoredata-2.20.43.jar:/Users/shteckel/.m2/repository/software/amazon/awssdk/mediatailor/2.20.43/mediatailor-2.20.43.jar:/Users/shteckel/.m2/repository/software/amazon/awssdk/migrationhub/2.20.43/migrationhub-2.20.43.jar:/Users/shteckel/.m2/repository/software/amazon/awssdk/mobile/2.20.43/mobile-2.20.43.jar:/Users/shteckel/.m2/repository/software/amazon/awssdk/mq/2.20.43/mq-2.20.43.jar:/Users/shteckel/.m2/repository/software/amazon/awssdk/mturk/2.20.43/mturk-2.20.43.jar:/Users/shteckel/.m2/repository/software/amazon/awssdk/neptune/2.20.43/neptune-2.20.43.jar:/Users/shteckel/.m2/repository/software/amazon/awssdk/opsworks/2.20.43/opsworks-2.20.43.jar:/Users/shteckel/.m2/repository/software/amazon/awssdk/opsworkscm/2.20.43/opsworkscm-2.20.43.jar:/Users/shteckel/.m2/repository/software/amazon/awssdk/organizations/2.20.43/organizations-2.20.43.jar:/Users/shteckel/.m2/repository/software/amazon/awssdk/pi/2.20.43/pi-2.20.43.jar:/Users/shteckel/.m2/repository/software/amazon/awssdk/pinpoint/2.20.43/pinpoint-2.20.43.jar:/Users/shteckel/.m2/repository/software/amazon/awssdk/pinpointemail/2.20.43/pinpointemail-2.20.43.jar:/Users/shteckel/.m2/repository/software/amazon/awssdk/pinpointsmsvoice/2.20.43/pinpointsmsvoice-2.20.43.jar:/Users/shteckel/.m2/repository/software/amazon/awssdk/polly/2.20.43/polly-2.20.43.jar:/Users/shteckel/.m2/repository/software/amazon/awssdk/pricing/2.20.43/pricing-2.20.43.jar:/Users/shteckel/.m2/repository/software/amazon/awssdk/quicksight/2.20.43/quicksight-2.20.43.jar:/Users/shteckel/.m2/repository/software/amazon/awssdk/ram/2.20.43/ram-2.20.43.jar:/Users/shteckel/.m2/repository/software/amazon/awssdk/rds/2.20.43/rds-2.20.43.jar:/Users/shteckel/.m2/repository/software/amazon/awssdk/rdsdata/2.20.43/rdsdata-2.20.43.jar:/Users/shteckel/.m2/repository/software/amazon/awssdk/redshift/2.20.43/redshift-2.20.43.jar:/Users/shteckel/.m2/repository/software/amazon/awssdk/rekognition/2.20.43/rekognition-2.20.43.jar:/Users/shteckel/.m2/repository/software/amazon/awssdk/resourcegroups/2.20.43/resourcegroups-2.20.43.jar:/Users/shteckel/.m2/repository/software/amazon/awssdk/resourcegroupstaggingapi/2.20.43/resourcegroupstaggingapi-2.20.43.jar:/Users/shteckel/.m2/repository/software/amazon/awssdk/robomaker/2.20.43/robomaker-2.20.43.jar:/Users/shteckel/.m2/repository/software/amazon/awssdk/route53/2.20.43/route53-2.20.43.jar:/Users/shteckel/.m2/repository/software/amazon/awssdk/route53domains/2.20.43/route53domains-2.20.43.jar:/Users/shteckel/.m2/repository/software/amazon/awssdk/route53resolver/2.20.43/route53resolver-2.20.43.jar:/Users/shteckel/.m2/repository/software/amazon/awssdk/s3-transfer-manager/2.20.43/s3-transfer-manager-2.20.43.jar:/Users/shteckel/.m2/repository/software/amazon/awssdk/sagemaker/2.20.43/sagemaker-2.20.43.jar:/Users/shteckel/.m2/repository/software/amazon/awssdk/sagemakerruntime/2.20.43/sagemakerruntime-2.20.43.jar:/Users/shteckel/.m2/repository/software/amazon/awssdk/secretsmanager/2.20.43/secretsmanager-2.20.43.jar:/Users/shteckel/.m2/repository/software/amazon/awssdk/securityhub/2.20.43/securityhub-2.20.43.jar:/Users/shteckel/.m2/repository/software/amazon/awssdk/serverlessapplicationrepository/2.20.43/serverlessapplicationrepository-2.20.43.jar:/Users/shteckel/.m2/repository/software/amazon/awssdk/servicecatalog/2.20.43/servicecatalog-2.20.43.jar:/Users/shteckel/.m2/repository/software/amazon/awssdk/servicediscovery/2.20.43/servicediscovery-2.20.43.jar:/Users/shteckel/.m2/repository/software/amazon/awssdk/ses/2.20.43/ses-2.20.43.jar:/Users/shteckel/.m2/repository/software/amazon/awssdk/sfn/2.20.43/sfn-2.20.43.jar:/Users/shteckel/.m2/repository/software/amazon/awssdk/shield/2.20.43/shield-2.20.43.jar:/Users/shteckel/.m2/repository/software/amazon/awssdk/signer/2.20.43/signer-2.20.43.jar:/Users/shteckel/.m2/repository/software/amazon/awssdk/sms/2.20.43/sms-2.20.43.jar:/Users/shteckel/.m2/repository/software/amazon/awssdk/snowball/2.20.43/snowball-2.20.43.jar:/Users/shteckel/.m2/repository/software/amazon/awssdk/sns/2.20.43/sns-2.20.43.jar:/Users/shteckel/.m2/repository/software/amazon/awssdk/sqs/2.20.43/sqs-2.20.43.jar:/Users/shteckel/.m2/repository/software/amazon/awssdk/ssm/2.20.43/ssm-2.20.43.jar:/Users/shteckel/.m2/repository/software/amazon/awssdk/storagegateway/2.20.43/storagegateway-2.20.43.jar:/Users/shteckel/.m2/repository/software/amazon/awssdk/sts/2.20.43/sts-2.20.43.jar:/Users/shteckel/.m2/repository/software/amazon/awssdk/support/2.20.43/support-2.20.43.jar:/Users/shteckel/.m2/repository/software/amazon/awssdk/swf/2.20.43/swf-2.20.43.jar:/Users/shteckel/.m2/repository/software/amazon/awssdk/textract/2.20.43/textract-2.20.43.jar:/Users/shteckel/.m2/repository/software/amazon/awssdk/transcribe/2.20.43/transcribe-2.20.43.jar:/Users/shteckel/.m2/repository/software/amazon/awssdk/transcribestreaming/2.20.43/transcribestreaming-2.20.43.jar:/Users/shteckel/.m2/repository/software/amazon/awssdk/transfer/2.20.43/transfer-2.20.43.jar:/Users/shteckel/.m2/repository/software/amazon/awssdk/translate/2.20.43/translate-2.20.43.jar:/Users/shteckel/.m2/repository/software/amazon/awssdk/waf/2.20.43/waf-2.20.43.jar:/Users/shteckel/.m2/repository/software/amazon/awssdk/workdocs/2.20.43/workdocs-2.20.43.jar:/Users/shteckel/.m2/repository/software/amazon/awssdk/worklink/2.20.43/worklink-2.20.43.jar:/Users/shteckel/.m2/repository/software/amazon/awssdk/workmail/2.20.43/workmail-2.20.43.jar:/Users/shteckel/.m2/repository/software/amazon/awssdk/workspaces/2.20.43/workspaces-2.20.43.jar:/Users/shteckel/.m2/repository/software/amazon/awssdk/xray/2.20.43/xray-2.20.43.jar:/Users/shteckel/.m2/repository/software/amazon/awssdk/groundstation/2.20.43/groundstation-2.20.43.jar:/Users/shteckel/.m2/repository/software/amazon/awssdk/iotthingsgraph/2.20.43/iotthingsgraph-2.20.43.jar:/Users/shteckel/.m2/repository/software/amazon/awssdk/iotevents/2.20.43/iotevents-2.20.43.jar:/Users/shteckel/.m2/repository/software/amazon/awssdk/ioteventsdata/2.20.43/ioteventsdata-2.20.43.jar:/Users/shteckel/.m2/repository/software/amazon/awssdk/personalizeruntime/2.20.43/personalizeruntime-2.20.43.jar:/Users/shteckel/.m2/repository/software/amazon/awssdk/personalize/2.20.43/personalize-2.20.43.jar:/Users/shteckel/.m2/repository/software/amazon/awssdk/personalizeevents/2.20.43/personalizeevents-2.20.43.jar:/Users/shteckel/.m2/repository/software/amazon/awssdk/servicequotas/2.20.43/servicequotas-2.20.43.jar:/Users/shteckel/.m2/repository/software/amazon/awssdk/applicationinsights/2.20.43/applicationinsights-2.20.43.jar:/Users/shteckel/.m2/repository/software/amazon/awssdk/ec2instanceconnect/2.20.43/ec2instanceconnect-2.20.43.jar:/Users/shteckel/.m2/repository/software/amazon/awssdk/eventbridge/2.20.43/eventbridge-2.20.43.jar:/Users/shteckel/.m2/repository/software/amazon/awssdk/lakeformation/2.20.43/lakeformation-2.20.43.jar:/Users/shteckel/.m2/repository/software/amazon/awssdk/forecast/2.20.43/forecast-2.20.43.jar:/Users/shteckel/.m2/repository/software/amazon/awssdk/forecastquery/2.20.43/forecastquery-2.20.43.jar:/Users/shteckel/.m2/repository/software/amazon/awssdk/qldb/2.20.43/qldb-2.20.43.jar:/Users/shteckel/.m2/repository/software/amazon/awssdk/qldbsession/2.20.43/qldbsession-2.20.43.jar:/Users/shteckel/.m2/repository/software/amazon/awssdk/workmailmessageflow/2.20.43/workmailmessageflow-2.20.43.jar:/Users/shteckel/.m2/repository/software/amazon/awssdk/codestarnotifications/2.20.43/codestarnotifications-2.20.43.jar:/Users/shteckel/.m2/repository/software/amazon/awssdk/savingsplans/2.20.43/savingsplans-2.20.43.jar:/Users/shteckel/.m2/repository/software/amazon/awssdk/marketplacecatalog/2.20.43/marketplacecatalog-2.20.43.jar:/Users/shteckel/.m2/repository/software/amazon/awssdk/sesv2/2.20.43/sesv2-2.20.43.jar:/Users/shteckel/.m2/repository/software/amazon/awssdk/dataexchange/2.20.43/dataexchange-2.20.43.jar:/Users/shteckel/.m2/repository/software/amazon/awssdk/migrationhubconfig/2.20.43/migrationhubconfig-2.20.43.jar:/Users/shteckel/.m2/repository/software/amazon/awssdk/connectparticipant/2.20.43/connectparticipant-2.20.43.jar:/Users/shteckel/.m2/repository/software/amazon/awssdk/wafv2/2.20.43/wafv2-2.20.43.jar:/Users/shteckel/.m2/repository/software/amazon/awssdk/appconfig/2.20.43/appconfig-2.20.43.jar:/Users/shteckel/.m2/repository/software/amazon/awssdk/iotsecuretunneling/2.20.43/iotsecuretunneling-2.20.43.jar:/Users/shteckel/.m2/repository/software/amazon/awssdk/elasticinference/2.20.43/elasticinference-2.20.43.jar:/Users/shteckel/.m2/repository/software/amazon/awssdk/imagebuilder/2.20.43/imagebuilder-2.20.43.jar:/Users/shteckel/.m2/repository/software/amazon/awssdk/schemas/2.20.43/schemas-2.20.43.jar:/Users/shteckel/.m2/repository/software/amazon/awssdk/accessanalyzer/2.20.43/accessanalyzer-2.20.43.jar:/Users/shteckel/.m2/repository/software/amazon/awssdk/computeoptimizer/2.20.43/computeoptimizer-2.20.43.jar:/Users/shteckel/.m2/repository/software/amazon/awssdk/networkmanager/2.20.43/networkmanager-2.20.43.jar:/Users/shteckel/.m2/repository/software/amazon/awssdk/kendra/2.20.43/kendra-2.20.43.jar:/Users/shteckel/.m2/repository/software/amazon/awssdk/frauddetector/2.20.43/frauddetector-2.20.43.jar:/Users/shteckel/.m2/repository/software/amazon/awssdk/codegurureviewer/2.20.43/codegurureviewer-2.20.43.jar:/Users/shteckel/.m2/repository/software/amazon/awssdk/codeguruprofiler/2.20.43/codeguruprofiler-2.20.43.jar:/Users/shteckel/.m2/repository/software/amazon/awssdk/outposts/2.20.43/outposts-2.20.43.jar:/Users/shteckel/.m2/repository/software/amazon/awssdk/sagemakera2iruntime/2.20.43/sagemakera2iruntime-2.20.43.jar:/Users/shteckel/.m2/repository/software/amazon/awssdk/ebs/2.20.43/ebs-2.20.43.jar:/Users/shteckel/.m2/repository/software/amazon/awssdk/kinesisvideosignaling/2.20.43/kinesisvideosignaling-2.20.43.jar:/Users/shteckel/.m2/repository/software/amazon/awssdk/detective/2.20.43/detective-2.20.43.jar:/Users/shteckel/.m2/repository/software/amazon/awssdk/codestarconnections/2.20.43/codestarconnections-2.20.43.jar:/Users/shteckel/.m2/repository/software/amazon/awssdk/synthetics/2.20.43/synthetics-2.20.43.jar:/Users/shteckel/.m2/repository/software/amazon/awssdk/iotsitewise/2.20.43/iotsitewise-2.20.43.jar:/Users/shteckel/.m2/repository/software/amazon/awssdk/macie2/2.20.43/macie2-2.20.43.jar:/Users/shteckel/.m2/repository/software/amazon/awssdk/codeartifact/2.20.43/codeartifact-2.20.43.jar:/Users/shteckel/.m2/repository/software/amazon/awssdk/honeycode/2.20.43/honeycode-2.20.43.jar:/Users/shteckel/.m2/repository/software/amazon/awssdk/ivs/2.20.43/ivs-2.20.43.jar:/Users/shteckel/.m2/repository/software/amazon/awssdk/braket/2.20.43/braket-2.20.43.jar:/Users/shteckel/.m2/repository/software/amazon/awssdk/identitystore/2.20.43/identitystore-2.20.43.jar:/Users/shteckel/.m2/repository/software/amazon/awssdk/appflow/2.20.43/appflow-2.20.43.jar:/Users/shteckel/.m2/repository/software/amazon/awssdk/redshiftdata/2.20.43/redshiftdata-2.20.43.jar:/Users/shteckel/.m2/repository/software/amazon/awssdk/ssoadmin/2.20.43/ssoadmin-2.20.43.jar:/Users/shteckel/.m2/repository/software/amazon/awssdk/timestreamwrite/2.20.43/timestreamwrite-2.20.43.jar:/Users/shteckel/.m2/repository/software/amazon/awssdk/timestreamquery/2.20.43/timestreamquery-2.20.43.jar:/Users/shteckel/.m2/repository/software/amazon/awssdk/s3outposts/2.20.43/s3outposts-2.20.43.jar:/Users/shteckel/.m2/repository/software/amazon/awssdk/databrew/2.20.43/databrew-2.20.43.jar:/Users/shteckel/.m2/repository/software/amazon/awssdk/servicecatalogappregistry/2.20.43/servicecatalogappregistry-2.20.43.jar:/Users/shteckel/.m2/repository/software/amazon/awssdk/networkfirewall/2.20.43/networkfirewall-2.20.43.jar:/Users/shteckel/.m2/repository/software/amazon/awssdk/mwaa/2.20.43/mwaa-2.20.43.jar:/Users/shteckel/.m2/repository/software/amazon/awssdk/devopsguru/2.20.43/devopsguru-2.20.43.jar:/Users/shteckel/.m2/repository/software/amazon/awssdk/sagemakerfeaturestoreruntime/2.20.43/sagemakerfeaturestoreruntime-2.20.43.jar:/Users/shteckel/.m2/repository/software/amazon/awssdk/appintegrations/2.20.43/appintegrations-2.20.43.jar:/Users/shteckel/.m2/repository/software/amazon/awssdk/ecrpublic/2.20.43/ecrpublic-2.20.43.jar:/Users/shteckel/.m2/repository/software/amazon/awssdk/amplifybackend/2.20.43/amplifybackend-2.20.43.jar:/Users/shteckel/.m2/repository/software/amazon/awssdk/connectcontactlens/2.20.43/connectcontactlens-2.20.43.jar:/Users/shteckel/.m2/repository/software/amazon/awssdk/lookoutvision/2.20.43/lookoutvision-2.20.43.jar:/Users/shteckel/.m2/repository/software/amazon/awssdk/customerprofiles/2.20.43/customerprofiles-2.20.43.jar:/Users/shteckel/.m2/repository/software/amazon/awssdk/emrcontainers/2.20.43/emrcontainers-2.20.43.jar:/Users/shteckel/.m2/repository/software/amazon/awssdk/sagemakeredge/2.20.43/sagemakeredge-2.20.43.jar:/Users/shteckel/.m2/repository/software/amazon/awssdk/healthlake/2.20.43/healthlake-2.20.43.jar:/Users/shteckel/.m2/repository/software/amazon/awssdk/auditmanager/2.20.43/auditmanager-2.20.43.jar:/Users/shteckel/.m2/repository/software/amazon/awssdk/amp/2.20.43/amp-2.20.43.jar:/Users/shteckel/.m2/repository/software/amazon/awssdk/greengrassv2/2.20.43/greengrassv2-2.20.43.jar:/Users/shteckel/.m2/repository/software/amazon/awssdk/iotwireless/2.20.43/iotwireless-2.20.43.jar:/Users/shteckel/.m2/repository/software/amazon/awssdk/iotfleethub/2.20.43/iotfleethub-2.20.43.jar:/Users/shteckel/.m2/repository/software/amazon/awssdk/iotdeviceadvisor/2.20.43/iotdeviceadvisor-2.20.43.jar:/Users/shteckel/.m2/repository/software/amazon/awssdk/location/2.20.43/location-2.20.43.jar:/Users/shteckel/.m2/repository/software/amazon/awssdk/wellarchitected/2.20.43/wellarchitected-2.20.43.jar:/Users/shteckel/.m2/repository/software/amazon/awssdk/lexruntimev2/2.20.43/lexruntimev2-2.20.43.jar:/Users/shteckel/.m2/repository/software/amazon/awssdk/lexmodelsv2/2.20.43/lexmodelsv2-2.20.43.jar:/Users/shteckel/.m2/repository/software/amazon/awssdk/fis/2.20.43/fis-2.20.43.jar:/Users/shteckel/.m2/repository/software/amazon/awssdk/lookoutmetrics/2.20.43/lookoutmetrics-2.20.43.jar:/Users/shteckel/.m2/repository/software/amazon/awssdk/mgn/2.20.43/mgn-2.20.43.jar:/Users/shteckel/.m2/repository/software/amazon/awssdk/lookoutequipment/2.20.43/lookoutequipment-2.20.43.jar:/Users/shteckel/.m2/repository/software/amazon/awssdk/nimble/2.20.43/nimble-2.20.43.jar:/Users/shteckel/.m2/repository/software/amazon/awssdk/finspacedata/2.20.43/finspacedata-2.20.43.jar:/Users/shteckel/.m2/repository/software/amazon/awssdk/finspace/2.20.43/finspace-2.20.43.jar:/Users/shteckel/.m2/repository/software/amazon/awssdk/ssmincidents/2.20.43/ssmincidents-2.20.43.jar:/Users/shteckel/.m2/repository/software/amazon/awssdk/ssmcontacts/2.20.43/ssmcontacts-2.20.43.jar:/Users/shteckel/.m2/repository/software/amazon/awssdk/applicationcostprofiler/2.20.43/applicationcostprofiler-2.20.43.jar:/Users/shteckel/.m2/repository/software/amazon/awssdk/apprunner/2.20.43/apprunner-2.20.43.jar:/Users/shteckel/.m2/repository/software/amazon/awssdk/proton/2.20.43/proton-2.20.43.jar:/Users/shteckel/.m2/repository/software/amazon/awssdk/route53recoveryreadiness/2.20.43/route53recoveryreadiness-2.20.43.jar:/Users/shteckel/.m2/repository/software/amazon/awssdk/route53recoverycontrolconfig/2.20.43/route53recoverycontrolconfig-2.20.43.jar:/Users/shteckel/.m2/repository/software/amazon/awssdk/route53recoverycluster/2.20.43/route53recoverycluster-2.20.43.jar:/Users/shteckel/.m2/repository/software/amazon/awssdk/chimesdkmessaging/2.20.43/chimesdkmessaging-2.20.43.jar:/Users/shteckel/.m2/repository/software/amazon/awssdk/chimesdkidentity/2.20.43/chimesdkidentity-2.20.43.jar:/Users/shteckel/.m2/repository/software/amazon/awssdk/snowdevicemanagement/2.20.43/snowdevicemanagement-2.20.43.jar:/Users/shteckel/.m2/repository/software/amazon/awssdk/memorydb/2.20.43/memorydb-2.20.43.jar:/Users/shteckel/.m2/repository/software/amazon/awssdk/opensearch/2.20.43/opensearch-2.20.43.jar:/Users/shteckel/.m2/repository/software/amazon/awssdk/kafkaconnect/2.20.43/kafkaconnect-2.20.43.jar:/Users/shteckel/.m2/repository/software/amazon/awssdk/wisdom/2.20.43/wisdom-2.20.43.jar:/Users/shteckel/.m2/repository/software/amazon/awssdk/voiceid/2.20.43/voiceid-2.20.43.jar:/Users/shteckel/.m2/repository/software/amazon/awssdk/account/2.20.43/account-2.20.43.jar:/Users/shteckel/.m2/repository/software/amazon/awssdk/cloudcontrol/2.20.43/cloudcontrol-2.20.43.jar:/Users/shteckel/.m2/repository/software/amazon/awssdk/grafana/2.20.43/grafana-2.20.43.jar:/Users/shteckel/.m2/repository/software/amazon/awssdk/panorama/2.20.43/panorama-2.20.43.jar:/Users/shteckel/.m2/repository/software/amazon/awssdk/chimesdkmeetings/2.20.43/chimesdkmeetings-2.20.43.jar:/Users/shteckel/.m2/repository/software/amazon/awssdk/resiliencehub/2.20.43/resiliencehub-2.20.43.jar:/Users/shteckel/.m2/repository/software/amazon/awssdk/migrationhubstrategy/2.20.43/migrationhubstrategy-2.20.43.jar:/Users/shteckel/.m2/repository/software/amazon/awssdk/drs/2.20.43/drs-2.20.43.jar:/Users/shteckel/.m2/repository/software/amazon/awssdk/appconfigdata/2.20.43/appconfigdata-2.20.43.jar:/Users/shteckel/.m2/repository/software/amazon/awssdk/migrationhubrefactorspaces/2.20.43/migrationhubrefactorspaces-2.20.43.jar:/Users/shteckel/.m2/repository/software/amazon/awssdk/inspector2/2.20.43/inspector2-2.20.43.jar:/Users/shteckel/.m2/repository/software/amazon/awssdk/evidently/2.20.43/evidently-2.20.43.jar:/Users/shteckel/.m2/repository/software/amazon/awssdk/rum/2.20.43/rum-2.20.43.jar:/Users/shteckel/.m2/repository/software/amazon/awssdk/rbin/2.20.43/rbin-2.20.43.jar:/Users/shteckel/.m2/repository/software/amazon/awssdk/iottwinmaker/2.20.43/iottwinmaker-2.20.43.jar:/Users/shteckel/.m2/repository/software/amazon/awssdk/workspacesweb/2.20.43/workspacesweb-2.20.43.jar:/Users/shteckel/.m2/repository/software/amazon/awssdk/backupgateway/2.20.43/backupgateway-2.20.43.jar:/Users/shteckel/.m2/repository/software/amazon/awssdk/amplifyuibuilder/2.20.43/amplifyuibuilder-2.20.43.jar:/Users/shteckel/.m2/repository/software/amazon/awssdk/keyspaces/2.20.43/keyspaces-2.20.43.jar:/Users/shteckel/.m2/repository/software/amazon/awssdk/billingconductor/2.20.43/billingconductor-2.20.43.jar:/Users/shteckel/.m2/repository/software/amazon/awssdk/gamesparks/2.20.43/gamesparks-2.20.43.jar:/Users/shteckel/.m2/repository/software/amazon/awssdk/pinpointsmsvoicev2/2.20.43/pinpointsmsvoicev2-2.20.43.jar:/Users/shteckel/.m2/repository/software/amazon/awssdk/ivschat/2.20.43/ivschat-2.20.43.jar:/Users/shteckel/.m2/repository/software/amazon/awssdk/chimesdkmediapipelines/2.20.43/chimesdkmediapipelines-2.20.43.jar:/Users/shteckel/.m2/repository/software/amazon/awssdk/emrserverless/2.20.43/emrserverless-2.20.43.jar:/Users/shteckel/.m2/repository/software/amazon/awssdk/m2/2.20.43/m2-2.20.43.jar:/Users/shteckel/.m2/repository/software/amazon/awssdk/connectcampaigns/2.20.43/connectcampaigns-2.20.43.jar:/Users/shteckel/.m2/repository/software/amazon/awssdk/redshiftserverless/2.20.43/redshiftserverless-2.20.43.jar:/Users/shteckel/.m2/repository/software/amazon/awssdk/rolesanywhere/2.20.43/rolesanywhere-2.20.43.jar:/Users/shteckel/.m2/repository/software/amazon/awssdk/licensemanagerusersubscriptions/2.20.43/licensemanagerusersubscriptions-2.20.43.jar:/Users/shteckel/.m2/repository/software/amazon/awssdk/backupstorage/2.20.43/backupstorage-2.20.43.jar:/Users/shteckel/.m2/repository/software/amazon/awssdk/privatenetworks/2.20.43/privatenetworks-2.20.43.jar:/Users/shteckel/.m2/repository/software/amazon/awssdk/supportapp/2.20.43/supportapp-2.20.43.jar:/Users/shteckel/.m2/repository/software/amazon/awssdk/controltower/2.20.43/controltower-2.20.43.jar:/Users/shteckel/.m2/repository/software/amazon/awssdk/iotfleetwise/2.20.43/iotfleetwise-2.20.43.jar:/Users/shteckel/.m2/repository/software/amazon/awssdk/migrationhuborchestrator/2.20.43/migrationhuborchestrator-2.20.43.jar:/Users/shteckel/.m2/repository/software/amazon/awssdk/connectcases/2.20.43/connectcases-2.20.43.jar:/Users/shteckel/.m2/repository/software/amazon/awssdk/resourceexplorer2/2.20.43/resourceexplorer2-2.20.43.jar:/Users/shteckel/.m2/repository/software/amazon/awssdk/scheduler/2.20.43/scheduler-2.20.43.jar:/Users/shteckel/.m2/repository/software/amazon/awssdk/ssmsap/2.20.43/ssmsap-2.20.43.jar:/Users/shteckel/.m2/repository/software/amazon/awssdk/chimesdkvoice/2.20.43/chimesdkvoice-2.20.43.jar:/Users/shteckel/.m2/repository/software/amazon/awssdk/iotroborunner/2.20.43/iotroborunner-2.20.43.jar:/Users/shteckel/.m2/repository/software/amazon/awssdk/oam/2.20.43/oam-2.20.43.jar:/Users/shteckel/.m2/repository/software/amazon/awssdk/arczonalshift/2.20.43/arczonalshift-2.20.43.jar:/Users/shteckel/.m2/repository/software/amazon/awssdk/simspaceweaver/2.20.43/simspaceweaver-2.20.43.jar:/Users/shteckel/.m2/repository/software/amazon/awssdk/securitylake/2.20.43/securitylake-2.20.43.jar:/Users/shteckel/.m2/repository/software/amazon/awssdk/opensearchserverless/2.20.43/opensearchserverless-2.20.43.jar:/Users/shteckel/.m2/repository/software/amazon/awssdk/omics/2.20.43/omics-2.20.43.jar:/Users/shteckel/.m2/repository/software/amazon/awssdk/docdbelastic/2.20.43/docdbelastic-2.20.43.jar:/Users/shteckel/.m2/repository/software/amazon/awssdk/sagemakergeospatial/2.20.43/sagemakergeospatial-2.20.43.jar:/Users/shteckel/.m2/repository/software/amazon/awssdk/pipes/2.20.43/pipes-2.20.43.jar:/Users/shteckel/.m2/repository/software/amazon/awssdk/codecatalyst/2.20.43/codecatalyst-2.20.43.jar:/Users/shteckel/.m2/repository/software/amazon/awssdk/sagemakermetrics/2.20.43/sagemakermetrics-2.20.43.jar:/Users/shteckel/.m2/repository/software/amazon/awssdk/kinesisvideowebrtcstorage/2.20.43/kinesisvideowebrtcstorage-2.20.43.jar:/Users/shteckel/.m2/repository/software/amazon/awssdk/licensemanagerlinuxsubscriptions/2.20.43/licensemanagerlinuxsubscriptions-2.20.43.jar:/Users/shteckel/.m2/repository/software/amazon/awssdk/kendraranking/2.20.43/kendraranking-2.20.43.jar:/Users/shteckel/.m2/repository/software/amazon/awssdk/cleanrooms/2.20.43/cleanrooms-2.20.43.jar:/Users/shteckel/.m2/repository/software/amazon/awssdk/cloudtraildata/2.20.43/cloudtraildata-2.20.43.jar:/Users/shteckel/.m2/repository/software/amazon/awssdk/tnb/2.20.43/tnb-2.20.43.jar:/Users/shteckel/.m2/repository/software/amazon/awssdk/internetmonitor/2.20.43/internetmonitor-2.20.43.jar:/Users/shteckel/.m2/repository/software/amazon/awssdk/ivsrealtime/2.20.43/ivsrealtime-2.20.43.jar:/Users/shteckel/.m2/repository/software/amazon/awssdk/vpclattice/2.20.43/vpclattice-2.20.43.jar:/Users/shteckel/.m2/repository/software/amazon/awssdk/osis/2.20.74/osis-2.20.74.jar:/Users/shteckel/.m2/repository/software/amazon/awssdk/mediapackagev2/2.20.74/mediapackagev2-2.20.74.jar:/Users/shteckel/.m2/repository/software/amazon/awssdk/apache-client/2.20.43/apache-client-2.20.43.jar:/Users/shteckel/.m2/repository/org/apache/httpcomponents/httpclient/4.5.13/httpclient-4.5.13.jar:/Users/shteckel/.m2/repository/org/apache/httpcomponents/httpcore/4.4.13/httpcore-4.4.13.jar:/Users/shteckel/.m2/repository/commons-codec/commons-codec/1.15/commons-codec-1.15.jar:/Users/shteckel/.m2/repository/org/slf4j/slf4j-api/1.7.28/slf4j-api-1.7.28.jar:/Users/shteckel/.m2/repository/org/slf4j/slf4j-simple/1.7.28/slf4j-simple-1.7.28.jar:/Users/shteckel/.m2/repository/org/slf4j/jcl-over-slf4j/1.7.28/jcl-over-slf4j-1.7.28.jar:/Users/shteckel/.m2/repository/org/junit/jupiter/junit-jupiter/5.8.1/junit-jupiter-5.8.1.jar:/Users/shteckel/.m2/repository/org/junit/jupiter/junit-jupiter-api/5.8.1/junit-jupiter-api-5.8.1.jar:/Users/shteckel/.m2/repository/org/opentest4j/opentest4j/1.2.0/opentest4j-1.2.0.jar:/Users/shteckel/.m2/repository/org/junit/platform/junit-platform-commons/1.8.1/junit-platform-commons-1.8.1.jar:/Users/shteckel/.m2/repository/org/apiguardian/apiguardian-api/1.1.2/apiguardian-api-1.1.2.jar:/Users/shteckel/.m2/repository/org/junit/jupiter/junit-jupiter-params/5.8.1/junit-jupiter-params-5.8.1.jar:/Users/shteckel/.m2/repository/org/junit/jupiter/junit-jupiter-engine/5.8.1/junit-jupiter-engine-5.8.1.jar:/Users/shteckel/.m2/repository/org/junit/platform/junit-platform-engine/1.8.1/junit-platform-engine-1.8.1.jar:"/>
    <property name="java.vm.vendor" value="Eclipse Adoptium"/>
    <property name="sun.arch.data.model" value="64"/>
    <property name="java.vendor.url" value="https://adoptium.net/"/>
    <property name="user.timezone" value="Asia/Jerusalem"/>
    <property name="os.name" value="Mac OS X"/>
    <property name="java.vm.specification.version" value="17"/>
    <property name="sun.java.launcher" value="SUN_STANDARD"/>
    <property name="user.country" value="US"/>
    <property name="sun.boot.library.path" value="/Library/Java/JavaVirtualMachines/temurin-17.jdk/Contents/Home/lib"/>
    <property name="sun.java.command" value="/Users/shteckel/Documents/JavaDemoPrgv2/getstarted/target/surefire/surefirebooter-20230601180356245_3.jar /Users/shteckel/Documents/JavaDemoPrgv2/getstarted/target/surefire 2023-06-01T18-03-56_171-jvmRun1 surefire-20230601180356245_1tmp surefire_0-20230601180356245_2tmp"/>
    <property name="http.nonProxyHosts" value="local|*.local|169.254/16|*.169.254/16"/>
    <property name="jdk.debug" value="release"/>
    <property name="surefire.test.class.path" value="/Users/shteckel/Documents/JavaDemoPrgv2/getstarted/target/test-classes:/Users/shteckel/Documents/JavaDemoPrgv2/getstarted/target/classes:/Users/shteckel/.m2/repository/com/amazonaws/aws-java-sdk/1.11.330/aws-java-sdk-1.11.330.jar:/Users/shteckel/.m2/repository/com/amazonaws/aws-java-sdk-iot1clickprojects/1.11.330/aws-java-sdk-iot1clickprojects-1.11.330.jar:/Users/shteckel/.m2/repository/com/amazonaws/jmespath-java/1.11.330/jmespath-java-1.11.330.jar:/Users/shteckel/.m2/repository/com/amazonaws/aws-java-sdk-iot1clickdevices/1.11.330/aws-java-sdk-iot1clickdevices-1.11.330.jar:/Users/shteckel/.m2/repository/com/amazonaws/aws-java-sdk-iotanalytics/1.11.330/aws-java-sdk-iotanalytics-1.11.330.jar:/Users/shteckel/.m2/repository/com/amazonaws/aws-java-sdk-acmpca/1.11.330/aws-java-sdk-acmpca-1.11.330.jar:/Users/shteckel/.m2/repository/com/amazonaws/aws-java-sdk-secretsmanager/1.11.330/aws-java-sdk-secretsmanager-1.11.330.jar:/Users/shteckel/.m2/repository/com/amazonaws/aws-java-sdk-fms/1.11.330/aws-java-sdk-fms-1.11.330.jar:/Users/shteckel/.m2/repository/com/amazonaws/aws-java-sdk-connect/1.11.330/aws-java-sdk-connect-1.11.330.jar:/Users/shteckel/.m2/repository/com/amazonaws/aws-java-sdk-transcribe/1.11.330/aws-java-sdk-transcribe-1.11.330.jar:/Users/shteckel/.m2/repository/com/amazonaws/aws-java-sdk-autoscalingplans/1.11.330/aws-java-sdk-autoscalingplans-1.11.330.jar:/Users/shteckel/.m2/repository/com/amazonaws/aws-java-sdk-workmail/1.11.330/aws-java-sdk-workmail-1.11.330.jar:/Users/shteckel/.m2/repository/com/amazonaws/aws-java-sdk-servicediscovery/1.11.330/aws-java-sdk-servicediscovery-1.11.330.jar:/Users/shteckel/.m2/repository/com/amazonaws/aws-java-sdk-cloud9/1.11.330/aws-java-sdk-cloud9-1.11.330.jar:/Users/shteckel/.m2/repository/com/amazonaws/aws-java-sdk-serverlessapplicationrepository/1.11.330/aws-java-sdk-serverlessapplicationrepository-1.11.330.jar:/Users/shteckel/.m2/repository/com/amazonaws/aws-java-sdk-alexaforbusiness/1.11.330/aws-java-sdk-alexaforbusiness-1.11.330.jar:/Users/shteckel/.m2/repository/com/amazonaws/aws-java-sdk-resourcegroups/1.11.330/aws-java-sdk-resourcegroups-1.11.330.jar:/Users/shteckel/.m2/repository/com/amazonaws/aws-java-sdk-comprehend/1.11.330/aws-java-sdk-comprehend-1.11.330.jar:/Users/shteckel/.m2/repository/com/amazonaws/aws-java-sdk-translate/1.11.330/aws-java-sdk-translate-1.11.330.jar:/Users/shteckel/.m2/repository/com/amazonaws/aws-java-sdk-sagemaker/1.11.330/aws-java-sdk-sagemaker-1.11.330.jar:/Users/shteckel/.m2/repository/com/amazonaws/aws-java-sdk-iotjobsdataplane/1.11.330/aws-java-sdk-iotjobsdataplane-1.11.330.jar:/Users/shteckel/.m2/repository/com/amazonaws/aws-java-sdk-sagemakerruntime/1.11.330/aws-java-sdk-sagemakerruntime-1.11.330.jar:/Users/shteckel/.m2/repository/com/amazonaws/aws-java-sdk-kinesisvideo/1.11.330/aws-java-sdk-kinesisvideo-1.11.330.jar:/Users/shteckel/.m2/repository/io/netty/netty-codec-http/4.1.17.Final/netty-codec-http-4.1.17.Final.jar:/Users/shteckel/.m2/repository/io/netty/netty-handler/4.1.17.Final/netty-handler-4.1.17.Final.jar:/Users/shteckel/.m2/repository/com/amazonaws/aws-java-sdk-appsync/1.11.330/aws-java-sdk-appsync-1.11.330.jar:/Users/shteckel/.m2/repository/com/amazonaws/aws-java-sdk-guardduty/1.11.330/aws-java-sdk-guardduty-1.11.330.jar:/Users/shteckel/.m2/repository/com/amazonaws/aws-java-sdk-mq/1.11.330/aws-java-sdk-mq-1.11.330.jar:/Users/shteckel/.m2/repository/com/amazonaws/aws-java-sdk-mediaconvert/1.11.330/aws-java-sdk-mediaconvert-1.11.330.jar:/Users/shteckel/.m2/repository/com/amazonaws/aws-java-sdk-mediastore/1.11.330/aws-java-sdk-mediastore-1.11.330.jar:/Users/shteckel/.m2/repository/com/amazonaws/aws-java-sdk-mediastoredata/1.11.330/aws-java-sdk-mediastoredata-1.11.330.jar:/Users/shteckel/.m2/repository/com/amazonaws/aws-java-sdk-medialive/1.11.330/aws-java-sdk-medialive-1.11.330.jar:/Users/shteckel/.m2/repository/com/amazonaws/aws-java-sdk-mediapackage/1.11.330/aws-java-sdk-mediapackage-1.11.330.jar:/Users/shteckel/.m2/repository/com/amazonaws/aws-java-sdk-costexplorer/1.11.330/aws-java-sdk-costexplorer-1.11.330.jar:/Users/shteckel/.m2/repository/com/amazonaws/aws-java-sdk-pricing/1.11.330/aws-java-sdk-pricing-1.11.330.jar:/Users/shteckel/.m2/repository/com/amazonaws/aws-java-sdk-mobile/1.11.330/aws-java-sdk-mobile-1.11.330.jar:/Users/shteckel/.m2/repository/com/amazonaws/aws-java-sdk-cloudhsmv2/1.11.330/aws-java-sdk-cloudhsmv2-1.11.330.jar:/Users/shteckel/.m2/repository/com/amazonaws/aws-java-sdk-glue/1.11.330/aws-java-sdk-glue-1.11.330.jar:/Users/shteckel/.m2/repository/com/amazonaws/aws-java-sdk-migrationhub/1.11.330/aws-java-sdk-migrationhub-1.11.330.jar:/Users/shteckel/.m2/repository/com/amazonaws/aws-java-sdk-dax/1.11.330/aws-java-sdk-dax-1.11.330.jar:/Users/shteckel/.m2/repository/com/amazonaws/aws-java-sdk-greengrass/1.11.330/aws-java-sdk-greengrass-1.11.330.jar:/Users/shteckel/.m2/repository/com/amazonaws/aws-java-sdk-athena/1.11.330/aws-java-sdk-athena-1.11.330.jar:/Users/shteckel/.m2/repository/com/amazonaws/aws-java-sdk-marketplaceentitlement/1.11.330/aws-java-sdk-marketplaceentitlement-1.11.330.jar:/Users/shteckel/.m2/repository/com/amazonaws/aws-java-sdk-codestar/1.11.330/aws-java-sdk-codestar-1.11.330.jar:/Users/shteckel/.m2/repository/com/amazonaws/aws-java-sdk-lexmodelbuilding/1.11.330/aws-java-sdk-lexmodelbuilding-1.11.330.jar:/Users/shteckel/.m2/repository/com/amazonaws/aws-java-sdk-resourcegroupstaggingapi/1.11.330/aws-java-sdk-resourcegroupstaggingapi-1.11.330.jar:/Users/shteckel/.m2/repository/com/amazonaws/aws-java-sdk-pinpoint/1.11.330/aws-java-sdk-pinpoint-1.11.330.jar:/Users/shteckel/.m2/repository/com/amazonaws/aws-java-sdk-xray/1.11.330/aws-java-sdk-xray-1.11.330.jar:/Users/shteckel/.m2/repository/com/amazonaws/aws-java-sdk-opsworkscm/1.11.330/aws-java-sdk-opsworkscm-1.11.330.jar:/Users/shteckel/.m2/repository/com/amazonaws/aws-java-sdk-support/1.11.330/aws-java-sdk-support-1.11.330.jar:/Users/shteckel/.m2/repository/com/amazonaws/aws-java-sdk-simpledb/1.11.330/aws-java-sdk-simpledb-1.11.330.jar:/Users/shteckel/.m2/repository/com/amazonaws/aws-java-sdk-servicecatalog/1.11.330/aws-java-sdk-servicecatalog-1.11.330.jar:/Users/shteckel/.m2/repository/com/amazonaws/aws-java-sdk-servermigration/1.11.330/aws-java-sdk-servermigration-1.11.330.jar:/Users/shteckel/.m2/repository/com/amazonaws/aws-java-sdk-simpleworkflow/1.11.330/aws-java-sdk-simpleworkflow-1.11.330.jar:/Users/shteckel/.m2/repository/com/amazonaws/aws-java-sdk-storagegateway/1.11.330/aws-java-sdk-storagegateway-1.11.330.jar:/Users/shteckel/.m2/repository/com/amazonaws/aws-java-sdk-route53/1.11.330/aws-java-sdk-route53-1.11.330.jar:/Users/shteckel/.m2/repository/com/amazonaws/aws-java-sdk-s3/1.11.330/aws-java-sdk-s3-1.11.330.jar:/Users/shteckel/.m2/repository/com/amazonaws/aws-java-sdk-importexport/1.11.330/aws-java-sdk-importexport-1.11.330.jar:/Users/shteckel/.m2/repository/com/amazonaws/aws-java-sdk-sts/1.11.330/aws-java-sdk-sts-1.11.330.jar:/Users/shteckel/.m2/repository/com/amazonaws/aws-java-sdk-sqs/1.11.330/aws-java-sdk-sqs-1.11.330.jar:/Users/shteckel/.m2/repository/com/amazonaws/aws-java-sdk-rds/1.11.330/aws-java-sdk-rds-1.11.330.jar:/Users/shteckel/.m2/repository/com/amazonaws/aws-java-sdk-redshift/1.11.330/aws-java-sdk-redshift-1.11.330.jar:/Users/shteckel/.m2/repository/com/amazonaws/aws-java-sdk-elasticbeanstalk/1.11.330/aws-java-sdk-elasticbeanstalk-1.11.330.jar:/Users/shteckel/.m2/repository/com/amazonaws/aws-java-sdk-glacier/1.11.330/aws-java-sdk-glacier-1.11.330.jar:/Users/shteckel/.m2/repository/com/amazonaws/aws-java-sdk-iam/1.11.330/aws-java-sdk-iam-1.11.330.jar:/Users/shteckel/.m2/repository/com/amazonaws/aws-java-sdk-datapipeline/1.11.330/aws-java-sdk-datapipeline-1.11.330.jar:/Users/shteckel/.m2/repository/com/amazonaws/aws-java-sdk-elasticloadbalancing/1.11.330/aws-java-sdk-elasticloadbalancing-1.11.330.jar:/Users/shteckel/.m2/repository/com/amazonaws/aws-java-sdk-elasticloadbalancingv2/1.11.330/aws-java-sdk-elasticloadbalancingv2-1.11.330.jar:/Users/shteckel/.m2/repository/com/amazonaws/aws-java-sdk-emr/1.11.330/aws-java-sdk-emr-1.11.330.jar:/Users/shteckel/.m2/repository/com/amazonaws/aws-java-sdk-elasticache/1.11.330/aws-java-sdk-elasticache-1.11.330.jar:/Users/shteckel/.m2/repository/com/amazonaws/aws-java-sdk-elastictranscoder/1.11.330/aws-java-sdk-elastictranscoder-1.11.330.jar:/Users/shteckel/.m2/repository/com/amazonaws/aws-java-sdk-ec2/1.11.330/aws-java-sdk-ec2-1.11.330.jar:/Users/shteckel/.m2/repository/com/amazonaws/aws-java-sdk-dynamodb/1.11.330/aws-java-sdk-dynamodb-1.11.330.jar:/Users/shteckel/.m2/repository/com/amazonaws/aws-java-sdk-sns/1.11.330/aws-java-sdk-sns-1.11.330.jar:/Users/shteckel/.m2/repository/com/amazonaws/aws-java-sdk-budgets/1.11.330/aws-java-sdk-budgets-1.11.330.jar:/Users/shteckel/.m2/repository/com/amazonaws/aws-java-sdk-cloudtrail/1.11.330/aws-java-sdk-cloudtrail-1.11.330.jar:/Users/shteckel/.m2/repository/com/amazonaws/aws-java-sdk-cloudwatch/1.11.330/aws-java-sdk-cloudwatch-1.11.330.jar:/Users/shteckel/.m2/repository/com/amazonaws/aws-java-sdk-logs/1.11.330/aws-java-sdk-logs-1.11.330.jar:/Users/shteckel/.m2/repository/com/amazonaws/aws-java-sdk-events/1.11.330/aws-java-sdk-events-1.11.330.jar:/Users/shteckel/.m2/repository/com/amazonaws/aws-java-sdk-cognitoidentity/1.11.330/aws-java-sdk-cognitoidentity-1.11.330.jar:/Users/shteckel/.m2/repository/com/amazonaws/aws-java-sdk-cognitosync/1.11.330/aws-java-sdk-cognitosync-1.11.330.jar:/Users/shteckel/.m2/repository/com/amazonaws/aws-java-sdk-directconnect/1.11.330/aws-java-sdk-directconnect-1.11.330.jar:/Users/shteckel/.m2/repository/com/amazonaws/aws-java-sdk-cloudformation/1.11.330/aws-java-sdk-cloudformation-1.11.330.jar:/Users/shteckel/.m2/repository/com/amazonaws/aws-java-sdk-cloudfront/1.11.330/aws-java-sdk-cloudfront-1.11.330.jar:/Users/shteckel/.m2/repository/com/amazonaws/aws-java-sdk-clouddirectory/1.11.330/aws-java-sdk-clouddirectory-1.11.330.jar:/Users/shteckel/.m2/repository/com/amazonaws/aws-java-sdk-kinesis/1.11.330/aws-java-sdk-kinesis-1.11.330.jar:/Users/shteckel/.m2/repository/com/amazonaws/aws-java-sdk-opsworks/1.11.330/aws-java-sdk-opsworks-1.11.330.jar:/Users/shteckel/.m2/repository/com/amazonaws/aws-java-sdk-ses/1.11.330/aws-java-sdk-ses-1.11.330.jar:/Users/shteckel/.m2/repository/com/amazonaws/aws-java-sdk-autoscaling/1.11.330/aws-java-sdk-autoscaling-1.11.330.jar:/Users/shteckel/.m2/repository/com/amazonaws/aws-java-sdk-cloudsearch/1.11.330/aws-java-sdk-cloudsearch-1.11.330.jar:/Users/shteckel/.m2/repository/com/amazonaws/aws-java-sdk-cloudwatchmetrics/1.11.330/aws-java-sdk-cloudwatchmetrics-1.11.330.jar:/Users/shteckel/.m2/repository/com/amazonaws/aws-java-sdk-codedeploy/1.11.330/aws-java-sdk-codedeploy-1.11.330.jar:/Users/shteckel/.m2/repository/com/amazonaws/aws-java-sdk-codepipeline/1.11.330/aws-java-sdk-codepipeline-1.11.330.jar:/Users/shteckel/.m2/repository/com/amazonaws/aws-java-sdk-kms/1.11.330/aws-java-sdk-kms-1.11.330.jar:/Users/shteckel/.m2/repository/com/amazonaws/aws-java-sdk-config/1.11.330/aws-java-sdk-config-1.11.330.jar:/Users/shteckel/.m2/repository/com/amazonaws/aws-java-sdk-lambda/1.11.330/aws-java-sdk-lambda-1.11.330.jar:/Users/shteckel/.m2/repository/com/amazonaws/aws-java-sdk-ecs/1.11.330/aws-java-sdk-ecs-1.11.330.jar:/Users/shteckel/.m2/repository/com/amazonaws/aws-java-sdk-ecr/1.11.330/aws-java-sdk-ecr-1.11.330.jar:/Users/shteckel/.m2/repository/com/amazonaws/aws-java-sdk-cloudhsm/1.11.330/aws-java-sdk-cloudhsm-1.11.330.jar:/Users/shteckel/.m2/repository/com/amazonaws/aws-java-sdk-ssm/1.11.330/aws-java-sdk-ssm-1.11.330.jar:/Users/shteckel/.m2/repository/com/amazonaws/aws-java-sdk-workspaces/1.11.330/aws-java-sdk-workspaces-1.11.330.jar:/Users/shteckel/.m2/repository/com/amazonaws/aws-java-sdk-machinelearning/1.11.330/aws-java-sdk-machinelearning-1.11.330.jar:/Users/shteckel/.m2/repository/com/amazonaws/aws-java-sdk-directory/1.11.330/aws-java-sdk-directory-1.11.330.jar:/Users/shteckel/.m2/repository/com/amazonaws/aws-java-sdk-efs/1.11.330/aws-java-sdk-efs-1.11.330.jar:/Users/shteckel/.m2/repository/com/amazonaws/aws-java-sdk-codecommit/1.11.330/aws-java-sdk-codecommit-1.11.330.jar:/Users/shteckel/.m2/repository/com/amazonaws/aws-java-sdk-devicefarm/1.11.330/aws-java-sdk-devicefarm-1.11.330.jar:/Users/shteckel/.m2/repository/com/amazonaws/aws-java-sdk-elasticsearch/1.11.330/aws-java-sdk-elasticsearch-1.11.330.jar:/Users/shteckel/.m2/repository/com/amazonaws/aws-java-sdk-waf/1.11.330/aws-java-sdk-waf-1.11.330.jar:/Users/shteckel/.m2/repository/com/amazonaws/aws-java-sdk-marketplacecommerceanalytics/1.11.330/aws-java-sdk-marketplacecommerceanalytics-1.11.330.jar:/Users/shteckel/.m2/repository/com/amazonaws/aws-java-sdk-inspector/1.11.330/aws-java-sdk-inspector-1.11.330.jar:/Users/shteckel/.m2/repository/com/amazonaws/aws-java-sdk-iot/1.11.330/aws-java-sdk-iot-1.11.330.jar:/Users/shteckel/.m2/repository/com/amazonaws/aws-java-sdk-api-gateway/1.11.330/aws-java-sdk-api-gateway-1.11.330.jar:/Users/shteckel/.m2/repository/com/amazonaws/aws-java-sdk-acm/1.11.330/aws-java-sdk-acm-1.11.330.jar:/Users/shteckel/.m2/repository/com/amazonaws/aws-java-sdk-gamelift/1.11.330/aws-java-sdk-gamelift-1.11.330.jar:/Users/shteckel/.m2/repository/com/amazonaws/aws-java-sdk-dms/1.11.330/aws-java-sdk-dms-1.11.330.jar:/Users/shteckel/.m2/repository/com/amazonaws/aws-java-sdk-marketplacemeteringservice/1.11.330/aws-java-sdk-marketplacemeteringservice-1.11.330.jar:/Users/shteckel/.m2/repository/com/amazonaws/aws-java-sdk-cognitoidp/1.11.330/aws-java-sdk-cognitoidp-1.11.330.jar:/Users/shteckel/.m2/repository/com/amazonaws/aws-java-sdk-discovery/1.11.330/aws-java-sdk-discovery-1.11.330.jar:/Users/shteckel/.m2/repository/com/amazonaws/aws-java-sdk-applicationautoscaling/1.11.330/aws-java-sdk-applicationautoscaling-1.11.330.jar:/Users/shteckel/.m2/repository/com/amazonaws/aws-java-sdk-snowball/1.11.330/aws-java-sdk-snowball-1.11.330.jar:/Users/shteckel/.m2/repository/com/amazonaws/aws-java-sdk-rekognition/1.11.330/aws-java-sdk-rekognition-1.11.330.jar:/Users/shteckel/.m2/repository/com/amazonaws/aws-java-sdk-polly/1.11.330/aws-java-sdk-polly-1.11.330.jar:/Users/shteckel/.m2/repository/com/amazonaws/aws-java-sdk-lightsail/1.11.330/aws-java-sdk-lightsail-1.11.330.jar:/Users/shteckel/.m2/repository/com/amazonaws/aws-java-sdk-stepfunctions/1.11.330/aws-java-sdk-stepfunctions-1.11.330.jar:/Users/shteckel/.m2/repository/com/amazonaws/aws-java-sdk-health/1.11.330/aws-java-sdk-health-1.11.330.jar:/Users/shteckel/.m2/repository/com/amazonaws/aws-java-sdk-costandusagereport/1.11.330/aws-java-sdk-costandusagereport-1.11.330.jar:/Users/shteckel/.m2/repository/com/amazonaws/aws-java-sdk-codebuild/1.11.330/aws-java-sdk-codebuild-1.11.330.jar:/Users/shteckel/.m2/repository/com/amazonaws/aws-java-sdk-appstream/1.11.330/aws-java-sdk-appstream-1.11.330.jar:/Users/shteckel/.m2/repository/com/amazonaws/aws-java-sdk-shield/1.11.330/aws-java-sdk-shield-1.11.330.jar:/Users/shteckel/.m2/repository/com/amazonaws/aws-java-sdk-batch/1.11.330/aws-java-sdk-batch-1.11.330.jar:/Users/shteckel/.m2/repository/com/amazonaws/aws-java-sdk-lex/1.11.330/aws-java-sdk-lex-1.11.330.jar:/Users/shteckel/.m2/repository/com/amazonaws/aws-java-sdk-mechanicalturkrequester/1.11.330/aws-java-sdk-mechanicalturkrequester-1.11.330.jar:/Users/shteckel/.m2/repository/com/amazonaws/aws-java-sdk-organizations/1.11.330/aws-java-sdk-organizations-1.11.330.jar:/Users/shteckel/.m2/repository/com/amazonaws/aws-java-sdk-workdocs/1.11.330/aws-java-sdk-workdocs-1.11.330.jar:/Users/shteckel/.m2/repository/com/amazonaws/aws-java-sdk-core/1.11.330/aws-java-sdk-core-1.11.330.jar:/Users/shteckel/.m2/repository/commons-logging/commons-logging/1.1.3/commons-logging-1.1.3.jar:/Users/shteckel/.m2/repository/software/amazon/ion/ion-java/1.0.2/ion-java-1.0.2.jar:/Users/shteckel/.m2/repository/com/fasterxml/jackson/core/jackson-databind/2.6.7.1/jackson-databind-2.6.7.1.jar:/Users/shteckel/.m2/repository/com/fasterxml/jackson/core/jackson-annotations/2.6.0/jackson-annotations-2.6.0.jar:/Users/shteckel/.m2/repository/com/fasterxml/jackson/core/jackson-core/2.6.7/jackson-core-2.6.7.jar:/Users/shteckel/.m2/repository/com/fasterxml/jackson/dataformat/jackson-dataformat-cbor/2.6.7/jackson-dataformat-cbor-2.6.7.jar:/Users/shteckel/.m2/repository/joda-time/joda-time/2.8.1/joda-time-2.8.1.jar:/Users/shteckel/.m2/repository/com/amazonaws/aws-java-sdk-models/1.11.330/aws-java-sdk-models-1.11.330.jar:/Users/shteckel/.m2/repository/com/amazonaws/aws-java-sdk-swf-libraries/1.11.22/aws-java-sdk-swf-libraries-1.11.22.jar:/Users/shteckel/.m2/repository/software/amazon/awssdk/s3/2.20.43/s3-2.20.43.jar:/Users/shteckel/.m2/repository/software/amazon/awssdk/aws-xml-protocol/2.20.43/aws-xml-protocol-2.20.43.jar:/Users/shteckel/.m2/repository/software/amazon/awssdk/aws-query-protocol/2.20.43/aws-query-protocol-2.20.43.jar:/Users/shteckel/.m2/repository/software/amazon/awssdk/protocol-core/2.20.43/protocol-core-2.20.43.jar:/Users/shteckel/.m2/repository/software/amazon/awssdk/arns/2.20.43/arns-2.20.43.jar:/Users/shteckel/.m2/repository/software/amazon/awssdk/profiles/2.20.43/profiles-2.20.43.jar:/Users/shteckel/.m2/repository/software/amazon/awssdk/crt-core/2.20.43/crt-core-2.20.43.jar:/Users/shteckel/.m2/repository/software/amazon/awssdk/sdk-core/2.20.43/sdk-core-2.20.43.jar:/Users/shteckel/.m2/repository/org/reactivestreams/reactive-streams/1.0.3/reactive-streams-1.0.3.jar:/Users/shteckel/.m2/repository/software/amazon/awssdk/auth/2.20.43/auth-2.20.43.jar:/Users/shteckel/.m2/repository/software/amazon/eventstream/eventstream/1.0.1/eventstream-1.0.1.jar:/Users/shteckel/.m2/repository/software/amazon/awssdk/http-client-spi/2.20.43/http-client-spi-2.20.43.jar:/Users/shteckel/.m2/repository/software/amazon/awssdk/regions/2.20.43/regions-2.20.43.jar:/Users/shteckel/.m2/repository/software/amazon/awssdk/annotations/2.20.43/annotations-2.20.43.jar:/Users/shteckel/.m2/repository/software/amazon/awssdk/utils/2.20.43/utils-2.20.43.jar:/Users/shteckel/.m2/repository/software/amazon/awssdk/aws-core/2.20.43/aws-core-2.20.43.jar:/Users/shteckel/.m2/repository/software/amazon/awssdk/metrics-spi/2.20.43/metrics-spi-2.20.43.jar:/Users/shteckel/.m2/repository/software/amazon/awssdk/json-utils/2.20.43/json-utils-2.20.43.jar:/Users/shteckel/.m2/repository/software/amazon/awssdk/endpoints-spi/2.20.43/endpoints-spi-2.20.43.jar:/Users/shteckel/.m2/repository/software/amazon/awssdk/netty-nio-client/2.20.43/netty-nio-client-2.20.43.jar:/Users/shteckel/.m2/repository/io/netty/netty-codec-http2/4.1.86.Final/netty-codec-http2-4.1.86.Final.jar:/Users/shteckel/.m2/repository/io/netty/netty-codec/4.1.86.Final/netty-codec-4.1.86.Final.jar:/Users/shteckel/.m2/repository/io/netty/netty-transport/4.1.86.Final/netty-transport-4.1.86.Final.jar:/Users/shteckel/.m2/repository/io/netty/netty-resolver/4.1.86.Final/netty-resolver-4.1.86.Final.jar:/Users/shteckel/.m2/repository/io/netty/netty-common/4.1.86.Final/netty-common-4.1.86.Final.jar:/Users/shteckel/.m2/repository/io/netty/netty-buffer/4.1.86.Final/netty-buffer-4.1.86.Final.jar:/Users/shteckel/.m2/repository/io/netty/netty-transport-classes-epoll/4.1.86.Final/netty-transport-classes-epoll-4.1.86.Final.jar:/Users/shteckel/.m2/repository/io/netty/netty-transport-native-unix-common/4.1.86.Final/netty-transport-native-unix-common-4.1.86.Final.jar:/Users/shteckel/.m2/repository/software/amazon/awssdk/sso/2.20.43/sso-2.20.43.jar:/Users/shteckel/.m2/repository/software/amazon/awssdk/aws-json-protocol/2.20.43/aws-json-protocol-2.20.43.jar:/Users/shteckel/.m2/repository/software/amazon/awssdk/s3control/2.20.43/s3control-2.20.43.jar:/Users/shteckel/.m2/repository/software/amazon/awssdk/ssooidc/2.20.43/ssooidc-2.20.43.jar:/Users/shteckel/.m2/repository/software/amazon/awssdk/third-party-jackson-core/2.20.43/third-party-jackson-core-2.20.43.jar:/Users/shteckel/.m2/repository/software/amazon/awssdk/aws-sdk-java/2.20.74/aws-sdk-java-2.20.74.jar:/Users/shteckel/.m2/repository/software/amazon/awssdk/acm/2.20.43/acm-2.20.43.jar:/Users/shteckel/.m2/repository/software/amazon/awssdk/acmpca/2.20.43/acmpca-2.20.43.jar:/Users/shteckel/.m2/repository/software/amazon/awssdk/alexaforbusiness/2.20.43/alexaforbusiness-2.20.43.jar:/Users/shteckel/.m2/repository/software/amazon/awssdk/amplify/2.20.43/amplify-2.20.43.jar:/Users/shteckel/.m2/repository/software/amazon/awssdk/apigateway/2.20.43/apigateway-2.20.43.jar:/Users/shteckel/.m2/repository/software/amazon/awssdk/apigatewaymanagementapi/2.20.43/apigatewaymanagementapi-2.20.43.jar:/Users/shteckel/.m2/repository/software/amazon/awssdk/apigatewayv2/2.20.43/apigatewayv2-2.20.43.jar:/Users/shteckel/.m2/repository/software/amazon/awssdk/applicationautoscaling/2.20.43/applicationautoscaling-2.20.43.jar:/Users/shteckel/.m2/repository/software/amazon/awssdk/applicationdiscovery/2.20.43/applicationdiscovery-2.20.43.jar:/Users/shteckel/.m2/repository/software/amazon/awssdk/appmesh/2.20.43/appmesh-2.20.43.jar:/Users/shteckel/.m2/repository/software/amazon/awssdk/appstream/2.20.43/appstream-2.20.43.jar:/Users/shteckel/.m2/repository/software/amazon/awssdk/appsync/2.20.43/appsync-2.20.43.jar:/Users/shteckel/.m2/repository/software/amazon/awssdk/athena/2.20.43/athena-2.20.43.jar:/Users/shteckel/.m2/repository/software/amazon/awssdk/autoscaling/2.20.43/autoscaling-2.20.43.jar:/Users/shteckel/.m2/repository/software/amazon/awssdk/autoscalingplans/2.20.43/autoscalingplans-2.20.43.jar:/Users/shteckel/.m2/repository/software/amazon/awssdk/backup/2.20.43/backup-2.20.43.jar:/Users/shteckel/.m2/repository/software/amazon/awssdk/batch/2.20.43/batch-2.20.43.jar:/Users/shteckel/.m2/repository/software/amazon/awssdk/budgets/2.20.43/budgets-2.20.43.jar:/Users/shteckel/.m2/repository/software/amazon/awssdk/chime/2.20.43/chime-2.20.43.jar:/Users/shteckel/.m2/repository/software/amazon/awssdk/cloud9/2.20.43/cloud9-2.20.43.jar:/Users/shteckel/.m2/repository/software/amazon/awssdk/clouddirectory/2.20.43/clouddirectory-2.20.43.jar:/Users/shteckel/.m2/repository/software/amazon/awssdk/cloudformation/2.20.43/cloudformation-2.20.43.jar:/Users/shteckel/.m2/repository/software/amazon/awssdk/cloudfront/2.20.43/cloudfront-2.20.43.jar:/Users/shteckel/.m2/repository/software/amazon/awssdk/cloudhsm/2.20.43/cloudhsm-2.20.43.jar:/Users/shteckel/.m2/repository/software/amazon/awssdk/cloudhsmv2/2.20.43/cloudhsmv2-2.20.43.jar:/Users/shteckel/.m2/repository/software/amazon/awssdk/cloudsearch/2.20.43/cloudsearch-2.20.43.jar:/Users/shteckel/.m2/repository/software/amazon/awssdk/cloudsearchdomain/2.20.43/cloudsearchdomain-2.20.43.jar:/Users/shteckel/.m2/repository/software/amazon/awssdk/cloudtrail/2.20.43/cloudtrail-2.20.43.jar:/Users/shteckel/.m2/repository/software/amazon/awssdk/cloudwatch/2.20.43/cloudwatch-2.20.43.jar:/Users/shteckel/.m2/repository/software/amazon/awssdk/cloudwatchevents/2.20.43/cloudwatchevents-2.20.43.jar:/Users/shteckel/.m2/repository/software/amazon/awssdk/cloudwatchlogs/2.20.43/cloudwatchlogs-2.20.43.jar:/Users/shteckel/.m2/repository/software/amazon/awssdk/codebuild/2.20.43/codebuild-2.20.43.jar:/Users/shteckel/.m2/repository/software/amazon/awssdk/codecommit/2.20.43/codecommit-2.20.43.jar:/Users/shteckel/.m2/repository/software/amazon/awssdk/codedeploy/2.20.43/codedeploy-2.20.43.jar:/Users/shteckel/.m2/repository/software/amazon/awssdk/codepipeline/2.20.43/codepipeline-2.20.43.jar:/Users/shteckel/.m2/repository/software/amazon/awssdk/codestar/2.20.43/codestar-2.20.43.jar:/Users/shteckel/.m2/repository/software/amazon/awssdk/cognitoidentity/2.20.43/cognitoidentity-2.20.43.jar:/Users/shteckel/.m2/repository/software/amazon/awssdk/cognitoidentityprovider/2.20.43/cognitoidentityprovider-2.20.43.jar:/Users/shteckel/.m2/repository/software/amazon/awssdk/cognitosync/2.20.43/cognitosync-2.20.43.jar:/Users/shteckel/.m2/repository/software/amazon/awssdk/comprehend/2.20.43/comprehend-2.20.43.jar:/Users/shteckel/.m2/repository/software/amazon/awssdk/comprehendmedical/2.20.43/comprehendmedical-2.20.43.jar:/Users/shteckel/.m2/repository/software/amazon/awssdk/config/2.20.43/config-2.20.43.jar:/Users/shteckel/.m2/repository/software/amazon/awssdk/connect/2.20.43/connect-2.20.43.jar:/Users/shteckel/.m2/repository/software/amazon/awssdk/costandusagereport/2.20.43/costandusagereport-2.20.43.jar:/Users/shteckel/.m2/repository/software/amazon/awssdk/costexplorer/2.20.43/costexplorer-2.20.43.jar:/Users/shteckel/.m2/repository/software/amazon/awssdk/databasemigration/2.20.43/databasemigration-2.20.43.jar:/Users/shteckel/.m2/repository/software/amazon/awssdk/datapipeline/2.20.43/datapipeline-2.20.43.jar:/Users/shteckel/.m2/repository/software/amazon/awssdk/datasync/2.20.43/datasync-2.20.43.jar:/Users/shteckel/.m2/repository/software/amazon/awssdk/dax/2.20.43/dax-2.20.43.jar:/Users/shteckel/.m2/repository/software/amazon/awssdk/devicefarm/2.20.43/devicefarm-2.20.43.jar:/Users/shteckel/.m2/repository/software/amazon/awssdk/directconnect/2.20.43/directconnect-2.20.43.jar:/Users/shteckel/.m2/repository/software/amazon/awssdk/directory/2.20.43/directory-2.20.43.jar:/Users/shteckel/.m2/repository/software/amazon/awssdk/dlm/2.20.43/dlm-2.20.43.jar:/Users/shteckel/.m2/repository/software/amazon/awssdk/docdb/2.20.43/docdb-2.20.43.jar:/Users/shteckel/.m2/repository/software/amazon/awssdk/dynamodb/2.20.43/dynamodb-2.20.43.jar:/Users/shteckel/.m2/repository/software/amazon/awssdk/ec2/2.20.43/ec2-2.20.43.jar:/Users/shteckel/.m2/repository/software/amazon/awssdk/ecr/2.20.43/ecr-2.20.43.jar:/Users/shteckel/.m2/repository/software/amazon/awssdk/ecs/2.20.43/ecs-2.20.43.jar:/Users/shteckel/.m2/repository/software/amazon/awssdk/efs/2.20.43/efs-2.20.43.jar:/Users/shteckel/.m2/repository/software/amazon/awssdk/eks/2.20.43/eks-2.20.43.jar:/Users/shteckel/.m2/repository/software/amazon/awssdk/elasticache/2.20.43/elasticache-2.20.43.jar:/Users/shteckel/.m2/repository/software/amazon/awssdk/elasticbeanstalk/2.20.43/elasticbeanstalk-2.20.43.jar:/Users/shteckel/.m2/repository/software/amazon/awssdk/elasticloadbalancing/2.20.43/elasticloadbalancing-2.20.43.jar:/Users/shteckel/.m2/repository/software/amazon/awssdk/elasticloadbalancingv2/2.20.43/elasticloadbalancingv2-2.20.43.jar:/Users/shteckel/.m2/repository/software/amazon/awssdk/elasticsearch/2.20.43/elasticsearch-2.20.43.jar:/Users/shteckel/.m2/repository/software/amazon/awssdk/elastictranscoder/2.20.43/elastictranscoder-2.20.43.jar:/Users/shteckel/.m2/repository/software/amazon/awssdk/emr/2.20.43/emr-2.20.43.jar:/Users/shteckel/.m2/repository/software/amazon/awssdk/firehose/2.20.43/firehose-2.20.43.jar:/Users/shteckel/.m2/repository/software/amazon/awssdk/fms/2.20.43/fms-2.20.43.jar:/Users/shteckel/.m2/repository/software/amazon/awssdk/fsx/2.20.43/fsx-2.20.43.jar:/Users/shteckel/.m2/repository/software/amazon/awssdk/gamelift/2.20.43/gamelift-2.20.43.jar:/Users/shteckel/.m2/repository/software/amazon/awssdk/glacier/2.20.43/glacier-2.20.43.jar:/Users/shteckel/.m2/repository/software/amazon/awssdk/globalaccelerator/2.20.43/globalaccelerator-2.20.43.jar:/Users/shteckel/.m2/repository/software/amazon/awssdk/glue/2.20.43/glue-2.20.43.jar:/Users/shteckel/.m2/repository/software/amazon/awssdk/greengrass/2.20.43/greengrass-2.20.43.jar:/Users/shteckel/.m2/repository/software/amazon/awssdk/guardduty/2.20.43/guardduty-2.20.43.jar:/Users/shteckel/.m2/repository/software/amazon/awssdk/health/2.20.43/health-2.20.43.jar:/Users/shteckel/.m2/repository/software/amazon/awssdk/iam/2.20.43/iam-2.20.43.jar:/Users/shteckel/.m2/repository/software/amazon/awssdk/inspector/2.20.43/inspector-2.20.43.jar:/Users/shteckel/.m2/repository/software/amazon/awssdk/iot/2.20.43/iot-2.20.43.jar:/Users/shteckel/.m2/repository/software/amazon/awssdk/iot1clickdevices/2.20.43/iot1clickdevices-2.20.43.jar:/Users/shteckel/.m2/repository/software/amazon/awssdk/iot1clickprojects/2.20.43/iot1clickprojects-2.20.43.jar:/Users/shteckel/.m2/repository/software/amazon/awssdk/iotanalytics/2.20.43/iotanalytics-2.20.43.jar:/Users/shteckel/.m2/repository/software/amazon/awssdk/iotdataplane/2.20.43/iotdataplane-2.20.43.jar:/Users/shteckel/.m2/repository/software/amazon/awssdk/iotjobsdataplane/2.20.43/iotjobsdataplane-2.20.43.jar:/Users/shteckel/.m2/repository/software/amazon/awssdk/kafka/2.20.43/kafka-2.20.43.jar:/Users/shteckel/.m2/repository/software/amazon/awssdk/kinesis/2.20.43/kinesis-2.20.43.jar:/Users/shteckel/.m2/repository/software/amazon/awssdk/aws-cbor-protocol/2.20.43/aws-cbor-protocol-2.20.43.jar:/Users/shteckel/.m2/repository/software/amazon/awssdk/third-party-jackson-dataformat-cbor/2.20.43/third-party-jackson-dataformat-cbor-2.20.43.jar:/Users/shteckel/.m2/repository/software/amazon/awssdk/kinesisanalytics/2.20.43/kinesisanalytics-2.20.43.jar:/Users/shteckel/.m2/repository/software/amazon/awssdk/kinesisanalyticsv2/2.20.43/kinesisanalyticsv2-2.20.43.jar:/Users/shteckel/.m2/repository/software/amazon/awssdk/kinesisvideo/2.20.43/kinesisvideo-2.20.43.jar:/Users/shteckel/.m2/repository/software/amazon/awssdk/kinesisvideoarchivedmedia/2.20.43/kinesisvideoarchivedmedia-2.20.43.jar:/Users/shteckel/.m2/repository/software/amazon/awssdk/kinesisvideomedia/2.20.43/kinesisvideomedia-2.20.43.jar:/Users/shteckel/.m2/repository/software/amazon/awssdk/kms/2.20.43/kms-2.20.43.jar:/Users/shteckel/.m2/repository/software/amazon/awssdk/lambda/2.20.43/lambda-2.20.43.jar:/Users/shteckel/.m2/repository/software/amazon/awssdk/lexmodelbuilding/2.20.43/lexmodelbuilding-2.20.43.jar:/Users/shteckel/.m2/repository/software/amazon/awssdk/lexruntime/2.20.43/lexruntime-2.20.43.jar:/Users/shteckel/.m2/repository/software/amazon/awssdk/licensemanager/2.20.43/licensemanager-2.20.43.jar:/Users/shteckel/.m2/repository/software/amazon/awssdk/lightsail/2.20.43/lightsail-2.20.43.jar:/Users/shteckel/.m2/repository/software/amazon/awssdk/machinelearning/2.20.43/machinelearning-2.20.43.jar:/Users/shteckel/.m2/repository/software/amazon/awssdk/macie/2.20.43/macie-2.20.43.jar:/Users/shteckel/.m2/repository/software/amazon/awssdk/managedblockchain/2.20.43/managedblockchain-2.20.43.jar:/Users/shteckel/.m2/repository/software/amazon/awssdk/marketplacecommerceanalytics/2.20.43/marketplacecommerceanalytics-2.20.43.jar:/Users/shteckel/.m2/repository/software/amazon/awssdk/marketplaceentitlement/2.20.43/marketplaceentitlement-2.20.43.jar:/Users/shteckel/.m2/repository/software/amazon/awssdk/marketplacemetering/2.20.43/marketplacemetering-2.20.43.jar:/Users/shteckel/.m2/repository/software/amazon/awssdk/mediaconnect/2.20.43/mediaconnect-2.20.43.jar:/Users/shteckel/.m2/repository/software/amazon/awssdk/mediaconvert/2.20.43/mediaconvert-2.20.43.jar:/Users/shteckel/.m2/repository/software/amazon/awssdk/medialive/2.20.43/medialive-2.20.43.jar:/Users/shteckel/.m2/repository/software/amazon/awssdk/mediapackage/2.20.43/mediapackage-2.20.43.jar:/Users/shteckel/.m2/repository/software/amazon/awssdk/mediapackagevod/2.20.43/mediapackagevod-2.20.43.jar:/Users/shteckel/.m2/repository/software/amazon/awssdk/mediastore/2.20.43/mediastore-2.20.43.jar:/Users/shteckel/.m2/repository/software/amazon/awssdk/mediastoredata/2.20.43/mediastoredata-2.20.43.jar:/Users/shteckel/.m2/repository/software/amazon/awssdk/mediatailor/2.20.43/mediatailor-2.20.43.jar:/Users/shteckel/.m2/repository/software/amazon/awssdk/migrationhub/2.20.43/migrationhub-2.20.43.jar:/Users/shteckel/.m2/repository/software/amazon/awssdk/mobile/2.20.43/mobile-2.20.43.jar:/Users/shteckel/.m2/repository/software/amazon/awssdk/mq/2.20.43/mq-2.20.43.jar:/Users/shteckel/.m2/repository/software/amazon/awssdk/mturk/2.20.43/mturk-2.20.43.jar:/Users/shteckel/.m2/repository/software/amazon/awssdk/neptune/2.20.43/neptune-2.20.43.jar:/Users/shteckel/.m2/repository/software/amazon/awssdk/opsworks/2.20.43/opsworks-2.20.43.jar:/Users/shteckel/.m2/repository/software/amazon/awssdk/opsworkscm/2.20.43/opsworkscm-2.20.43.jar:/Users/shteckel/.m2/repository/software/amazon/awssdk/organizations/2.20.43/organizations-2.20.43.jar:/Users/shteckel/.m2/repository/software/amazon/awssdk/pi/2.20.43/pi-2.20.43.jar:/Users/shteckel/.m2/repository/software/amazon/awssdk/pinpoint/2.20.43/pinpoint-2.20.43.jar:/Users/shteckel/.m2/repository/software/amazon/awssdk/pinpointemail/2.20.43/pinpointemail-2.20.43.jar:/Users/shteckel/.m2/repository/software/amazon/awssdk/pinpointsmsvoice/2.20.43/pinpointsmsvoice-2.20.43.jar:/Users/shteckel/.m2/repository/software/amazon/awssdk/polly/2.20.43/polly-2.20.43.jar:/Users/shteckel/.m2/repository/software/amazon/awssdk/pricing/2.20.43/pricing-2.20.43.jar:/Users/shteckel/.m2/repository/software/amazon/awssdk/quicksight/2.20.43/quicksight-2.20.43.jar:/Users/shteckel/.m2/repository/software/amazon/awssdk/ram/2.20.43/ram-2.20.43.jar:/Users/shteckel/.m2/repository/software/amazon/awssdk/rds/2.20.43/rds-2.20.43.jar:/Users/shteckel/.m2/repository/software/amazon/awssdk/rdsdata/2.20.43/rdsdata-2.20.43.jar:/Users/shteckel/.m2/repository/software/amazon/awssdk/redshift/2.20.43/redshift-2.20.43.jar:/Users/shteckel/.m2/repository/software/amazon/awssdk/rekognition/2.20.43/rekognition-2.20.43.jar:/Users/shteckel/.m2/repository/software/amazon/awssdk/resourcegroups/2.20.43/resourcegroups-2.20.43.jar:/Users/shteckel/.m2/repository/software/amazon/awssdk/resourcegroupstaggingapi/2.20.43/resourcegroupstaggingapi-2.20.43.jar:/Users/shteckel/.m2/repository/software/amazon/awssdk/robomaker/2.20.43/robomaker-2.20.43.jar:/Users/shteckel/.m2/repository/software/amazon/awssdk/route53/2.20.43/route53-2.20.43.jar:/Users/shteckel/.m2/repository/software/amazon/awssdk/route53domains/2.20.43/route53domains-2.20.43.jar:/Users/shteckel/.m2/repository/software/amazon/awssdk/route53resolver/2.20.43/route53resolver-2.20.43.jar:/Users/shteckel/.m2/repository/software/amazon/awssdk/s3-transfer-manager/2.20.43/s3-transfer-manager-2.20.43.jar:/Users/shteckel/.m2/repository/software/amazon/awssdk/sagemaker/2.20.43/sagemaker-2.20.43.jar:/Users/shteckel/.m2/repository/software/amazon/awssdk/sagemakerruntime/2.20.43/sagemakerruntime-2.20.43.jar:/Users/shteckel/.m2/repository/software/amazon/awssdk/secretsmanager/2.20.43/secretsmanager-2.20.43.jar:/Users/shteckel/.m2/repository/software/amazon/awssdk/securityhub/2.20.43/securityhub-2.20.43.jar:/Users/shteckel/.m2/repository/software/amazon/awssdk/serverlessapplicationrepository/2.20.43/serverlessapplicationrepository-2.20.43.jar:/Users/shteckel/.m2/repository/software/amazon/awssdk/servicecatalog/2.20.43/servicecatalog-2.20.43.jar:/Users/shteckel/.m2/repository/software/amazon/awssdk/servicediscovery/2.20.43/servicediscovery-2.20.43.jar:/Users/shteckel/.m2/repository/software/amazon/awssdk/ses/2.20.43/ses-2.20.43.jar:/Users/shteckel/.m2/repository/software/amazon/awssdk/sfn/2.20.43/sfn-2.20.43.jar:/Users/shteckel/.m2/repository/software/amazon/awssdk/shield/2.20.43/shield-2.20.43.jar:/Users/shteckel/.m2/repository/software/amazon/awssdk/signer/2.20.43/signer-2.20.43.jar:/Users/shteckel/.m2/repository/software/amazon/awssdk/sms/2.20.43/sms-2.20.43.jar:/Users/shteckel/.m2/repository/software/amazon/awssdk/snowball/2.20.43/snowball-2.20.43.jar:/Users/shteckel/.m2/repository/software/amazon/awssdk/sns/2.20.43/sns-2.20.43.jar:/Users/shteckel/.m2/repository/software/amazon/awssdk/sqs/2.20.43/sqs-2.20.43.jar:/Users/shteckel/.m2/repository/software/amazon/awssdk/ssm/2.20.43/ssm-2.20.43.jar:/Users/shteckel/.m2/repository/software/amazon/awssdk/storagegateway/2.20.43/storagegateway-2.20.43.jar:/Users/shteckel/.m2/repository/software/amazon/awssdk/sts/2.20.43/sts-2.20.43.jar:/Users/shteckel/.m2/repository/software/amazon/awssdk/support/2.20.43/support-2.20.43.jar:/Users/shteckel/.m2/repository/software/amazon/awssdk/swf/2.20.43/swf-2.20.43.jar:/Users/shteckel/.m2/repository/software/amazon/awssdk/textract/2.20.43/textract-2.20.43.jar:/Users/shteckel/.m2/repository/software/amazon/awssdk/transcribe/2.20.43/transcribe-2.20.43.jar:/Users/shteckel/.m2/repository/software/amazon/awssdk/transcribestreaming/2.20.43/transcribestreaming-2.20.43.jar:/Users/shteckel/.m2/repository/software/amazon/awssdk/transfer/2.20.43/transfer-2.20.43.jar:/Users/shteckel/.m2/repository/software/amazon/awssdk/translate/2.20.43/translate-2.20.43.jar:/Users/shteckel/.m2/repository/software/amazon/awssdk/waf/2.20.43/waf-2.20.43.jar:/Users/shteckel/.m2/repository/software/amazon/awssdk/workdocs/2.20.43/workdocs-2.20.43.jar:/Users/shteckel/.m2/repository/software/amazon/awssdk/worklink/2.20.43/worklink-2.20.43.jar:/Users/shteckel/.m2/repository/software/amazon/awssdk/workmail/2.20.43/workmail-2.20.43.jar:/Users/shteckel/.m2/repository/software/amazon/awssdk/workspaces/2.20.43/workspaces-2.20.43.jar:/Users/shteckel/.m2/repository/software/amazon/awssdk/xray/2.20.43/xray-2.20.43.jar:/Users/shteckel/.m2/repository/software/amazon/awssdk/groundstation/2.20.43/groundstation-2.20.43.jar:/Users/shteckel/.m2/repository/software/amazon/awssdk/iotthingsgraph/2.20.43/iotthingsgraph-2.20.43.jar:/Users/shteckel/.m2/repository/software/amazon/awssdk/iotevents/2.20.43/iotevents-2.20.43.jar:/Users/shteckel/.m2/repository/software/amazon/awssdk/ioteventsdata/2.20.43/ioteventsdata-2.20.43.jar:/Users/shteckel/.m2/repository/software/amazon/awssdk/personalizeruntime/2.20.43/personalizeruntime-2.20.43.jar:/Users/shteckel/.m2/repository/software/amazon/awssdk/personalize/2.20.43/personalize-2.20.43.jar:/Users/shteckel/.m2/repository/software/amazon/awssdk/personalizeevents/2.20.43/personalizeevents-2.20.43.jar:/Users/shteckel/.m2/repository/software/amazon/awssdk/servicequotas/2.20.43/servicequotas-2.20.43.jar:/Users/shteckel/.m2/repository/software/amazon/awssdk/applicationinsights/2.20.43/applicationinsights-2.20.43.jar:/Users/shteckel/.m2/repository/software/amazon/awssdk/ec2instanceconnect/2.20.43/ec2instanceconnect-2.20.43.jar:/Users/shteckel/.m2/repository/software/amazon/awssdk/eventbridge/2.20.43/eventbridge-2.20.43.jar:/Users/shteckel/.m2/repository/software/amazon/awssdk/lakeformation/2.20.43/lakeformation-2.20.43.jar:/Users/shteckel/.m2/repository/software/amazon/awssdk/forecast/2.20.43/forecast-2.20.43.jar:/Users/shteckel/.m2/repository/software/amazon/awssdk/forecastquery/2.20.43/forecastquery-2.20.43.jar:/Users/shteckel/.m2/repository/software/amazon/awssdk/qldb/2.20.43/qldb-2.20.43.jar:/Users/shteckel/.m2/repository/software/amazon/awssdk/qldbsession/2.20.43/qldbsession-2.20.43.jar:/Users/shteckel/.m2/repository/software/amazon/awssdk/workmailmessageflow/2.20.43/workmailmessageflow-2.20.43.jar:/Users/shteckel/.m2/repository/software/amazon/awssdk/codestarnotifications/2.20.43/codestarnotifications-2.20.43.jar:/Users/shteckel/.m2/repository/software/amazon/awssdk/savingsplans/2.20.43/savingsplans-2.20.43.jar:/Users/shteckel/.m2/repository/software/amazon/awssdk/marketplacecatalog/2.20.43/marketplacecatalog-2.20.43.jar:/Users/shteckel/.m2/repository/software/amazon/awssdk/sesv2/2.20.43/sesv2-2.20.43.jar:/Users/shteckel/.m2/repository/software/amazon/awssdk/dataexchange/2.20.43/dataexchange-2.20.43.jar:/Users/shteckel/.m2/repository/software/amazon/awssdk/migrationhubconfig/2.20.43/migrationhubconfig-2.20.43.jar:/Users/shteckel/.m2/repository/software/amazon/awssdk/connectparticipant/2.20.43/connectparticipant-2.20.43.jar:/Users/shteckel/.m2/repository/software/amazon/awssdk/wafv2/2.20.43/wafv2-2.20.43.jar:/Users/shteckel/.m2/repository/software/amazon/awssdk/appconfig/2.20.43/appconfig-2.20.43.jar:/Users/shteckel/.m2/repository/software/amazon/awssdk/iotsecuretunneling/2.20.43/iotsecuretunneling-2.20.43.jar:/Users/shteckel/.m2/repository/software/amazon/awssdk/elasticinference/2.20.43/elasticinference-2.20.43.jar:/Users/shteckel/.m2/repository/software/amazon/awssdk/imagebuilder/2.20.43/imagebuilder-2.20.43.jar:/Users/shteckel/.m2/repository/software/amazon/awssdk/schemas/2.20.43/schemas-2.20.43.jar:/Users/shteckel/.m2/repository/software/amazon/awssdk/accessanalyzer/2.20.43/accessanalyzer-2.20.43.jar:/Users/shteckel/.m2/repository/software/amazon/awssdk/computeoptimizer/2.20.43/computeoptimizer-2.20.43.jar:/Users/shteckel/.m2/repository/software/amazon/awssdk/networkmanager/2.20.43/networkmanager-2.20.43.jar:/Users/shteckel/.m2/repository/software/amazon/awssdk/kendra/2.20.43/kendra-2.20.43.jar:/Users/shteckel/.m2/repository/software/amazon/awssdk/frauddetector/2.20.43/frauddetector-2.20.43.jar:/Users/shteckel/.m2/repository/software/amazon/awssdk/codegurureviewer/2.20.43/codegurureviewer-2.20.43.jar:/Users/shteckel/.m2/repository/software/amazon/awssdk/codeguruprofiler/2.20.43/codeguruprofiler-2.20.43.jar:/Users/shteckel/.m2/repository/software/amazon/awssdk/outposts/2.20.43/outposts-2.20.43.jar:/Users/shteckel/.m2/repository/software/amazon/awssdk/sagemakera2iruntime/2.20.43/sagemakera2iruntime-2.20.43.jar:/Users/shteckel/.m2/repository/software/amazon/awssdk/ebs/2.20.43/ebs-2.20.43.jar:/Users/shteckel/.m2/repository/software/amazon/awssdk/kinesisvideosignaling/2.20.43/kinesisvideosignaling-2.20.43.jar:/Users/shteckel/.m2/repository/software/amazon/awssdk/detective/2.20.43/detective-2.20.43.jar:/Users/shteckel/.m2/repository/software/amazon/awssdk/codestarconnections/2.20.43/codestarconnections-2.20.43.jar:/Users/shteckel/.m2/repository/software/amazon/awssdk/synthetics/2.20.43/synthetics-2.20.43.jar:/Users/shteckel/.m2/repository/software/amazon/awssdk/iotsitewise/2.20.43/iotsitewise-2.20.43.jar:/Users/shteckel/.m2/repository/software/amazon/awssdk/macie2/2.20.43/macie2-2.20.43.jar:/Users/shteckel/.m2/repository/software/amazon/awssdk/codeartifact/2.20.43/codeartifact-2.20.43.jar:/Users/shteckel/.m2/repository/software/amazon/awssdk/honeycode/2.20.43/honeycode-2.20.43.jar:/Users/shteckel/.m2/repository/software/amazon/awssdk/ivs/2.20.43/ivs-2.20.43.jar:/Users/shteckel/.m2/repository/software/amazon/awssdk/braket/2.20.43/braket-2.20.43.jar:/Users/shteckel/.m2/repository/software/amazon/awssdk/identitystore/2.20.43/identitystore-2.20.43.jar:/Users/shteckel/.m2/repository/software/amazon/awssdk/appflow/2.20.43/appflow-2.20.43.jar:/Users/shteckel/.m2/repository/software/amazon/awssdk/redshiftdata/2.20.43/redshiftdata-2.20.43.jar:/Users/shteckel/.m2/repository/software/amazon/awssdk/ssoadmin/2.20.43/ssoadmin-2.20.43.jar:/Users/shteckel/.m2/repository/software/amazon/awssdk/timestreamwrite/2.20.43/timestreamwrite-2.20.43.jar:/Users/shteckel/.m2/repository/software/amazon/awssdk/timestreamquery/2.20.43/timestreamquery-2.20.43.jar:/Users/shteckel/.m2/repository/software/amazon/awssdk/s3outposts/2.20.43/s3outposts-2.20.43.jar:/Users/shteckel/.m2/repository/software/amazon/awssdk/databrew/2.20.43/databrew-2.20.43.jar:/Users/shteckel/.m2/repository/software/amazon/awssdk/servicecatalogappregistry/2.20.43/servicecatalogappregistry-2.20.43.jar:/Users/shteckel/.m2/repository/software/amazon/awssdk/networkfirewall/2.20.43/networkfirewall-2.20.43.jar:/Users/shteckel/.m2/repository/software/amazon/awssdk/mwaa/2.20.43/mwaa-2.20.43.jar:/Users/shteckel/.m2/repository/software/amazon/awssdk/devopsguru/2.20.43/devopsguru-2.20.43.jar:/Users/shteckel/.m2/repository/software/amazon/awssdk/sagemakerfeaturestoreruntime/2.20.43/sagemakerfeaturestoreruntime-2.20.43.jar:/Users/shteckel/.m2/repository/software/amazon/awssdk/appintegrations/2.20.43/appintegrations-2.20.43.jar:/Users/shteckel/.m2/repository/software/amazon/awssdk/ecrpublic/2.20.43/ecrpublic-2.20.43.jar:/Users/shteckel/.m2/repository/software/amazon/awssdk/amplifybackend/2.20.43/amplifybackend-2.20.43.jar:/Users/shteckel/.m2/repository/software/amazon/awssdk/connectcontactlens/2.20.43/connectcontactlens-2.20.43.jar:/Users/shteckel/.m2/repository/software/amazon/awssdk/lookoutvision/2.20.43/lookoutvision-2.20.43.jar:/Users/shteckel/.m2/repository/software/amazon/awssdk/customerprofiles/2.20.43/customerprofiles-2.20.43.jar:/Users/shteckel/.m2/repository/software/amazon/awssdk/emrcontainers/2.20.43/emrcontainers-2.20.43.jar:/Users/shteckel/.m2/repository/software/amazon/awssdk/sagemakeredge/2.20.43/sagemakeredge-2.20.43.jar:/Users/shteckel/.m2/repository/software/amazon/awssdk/healthlake/2.20.43/healthlake-2.20.43.jar:/Users/shteckel/.m2/repository/software/amazon/awssdk/auditmanager/2.20.43/auditmanager-2.20.43.jar:/Users/shteckel/.m2/repository/software/amazon/awssdk/amp/2.20.43/amp-2.20.43.jar:/Users/shteckel/.m2/repository/software/amazon/awssdk/greengrassv2/2.20.43/greengrassv2-2.20.43.jar:/Users/shteckel/.m2/repository/software/amazon/awssdk/iotwireless/2.20.43/iotwireless-2.20.43.jar:/Users/shteckel/.m2/repository/software/amazon/awssdk/iotfleethub/2.20.43/iotfleethub-2.20.43.jar:/Users/shteckel/.m2/repository/software/amazon/awssdk/iotdeviceadvisor/2.20.43/iotdeviceadvisor-2.20.43.jar:/Users/shteckel/.m2/repository/software/amazon/awssdk/location/2.20.43/location-2.20.43.jar:/Users/shteckel/.m2/repository/software/amazon/awssdk/wellarchitected/2.20.43/wellarchitected-2.20.43.jar:/Users/shteckel/.m2/repository/software/amazon/awssdk/lexruntimev2/2.20.43/lexruntimev2-2.20.43.jar:/Users/shteckel/.m2/repository/software/amazon/awssdk/lexmodelsv2/2.20.43/lexmodelsv2-2.20.43.jar:/Users/shteckel/.m2/repository/software/amazon/awssdk/fis/2.20.43/fis-2.20.43.jar:/Users/shteckel/.m2/repository/software/amazon/awssdk/lookoutmetrics/2.20.43/lookoutmetrics-2.20.43.jar:/Users/shteckel/.m2/repository/software/amazon/awssdk/mgn/2.20.43/mgn-2.20.43.jar:/Users/shteckel/.m2/repository/software/amazon/awssdk/lookoutequipment/2.20.43/lookoutequipment-2.20.43.jar:/Users/shteckel/.m2/repository/software/amazon/awssdk/nimble/2.20.43/nimble-2.20.43.jar:/Users/shteckel/.m2/repository/software/amazon/awssdk/finspacedata/2.20.43/finspacedata-2.20.43.jar:/Users/shteckel/.m2/repository/software/amazon/awssdk/finspace/2.20.43/finspace-2.20.43.jar:/Users/shteckel/.m2/repository/software/amazon/awssdk/ssmincidents/2.20.43/ssmincidents-2.20.43.jar:/Users/shteckel/.m2/repository/software/amazon/awssdk/ssmcontacts/2.20.43/ssmcontacts-2.20.43.jar:/Users/shteckel/.m2/repository/software/amazon/awssdk/applicationcostprofiler/2.20.43/applicationcostprofiler-2.20.43.jar:/Users/shteckel/.m2/repository/software/amazon/awssdk/apprunner/2.20.43/apprunner-2.20.43.jar:/Users/shteckel/.m2/repository/software/amazon/awssdk/proton/2.20.43/proton-2.20.43.jar:/Users/shteckel/.m2/repository/software/amazon/awssdk/route53recoveryreadiness/2.20.43/route53recoveryreadiness-2.20.43.jar:/Users/shteckel/.m2/repository/software/amazon/awssdk/route53recoverycontrolconfig/2.20.43/route53recoverycontrolconfig-2.20.43.jar:/Users/shteckel/.m2/repository/software/amazon/awssdk/route53recoverycluster/2.20.43/route53recoverycluster-2.20.43.jar:/Users/shteckel/.m2/repository/software/amazon/awssdk/chimesdkmessaging/2.20.43/chimesdkmessaging-2.20.43.jar:/Users/shteckel/.m2/repository/software/amazon/awssdk/chimesdkidentity/2.20.43/chimesdkidentity-2.20.43.jar:/Users/shteckel/.m2/repository/software/amazon/awssdk/snowdevicemanagement/2.20.43/snowdevicemanagement-2.20.43.jar:/Users/shteckel/.m2/repository/software/amazon/awssdk/memorydb/2.20.43/memorydb-2.20.43.jar:/Users/shteckel/.m2/repository/software/amazon/awssdk/opensearch/2.20.43/opensearch-2.20.43.jar:/Users/shteckel/.m2/repository/software/amazon/awssdk/kafkaconnect/2.20.43/kafkaconnect-2.20.43.jar:/Users/shteckel/.m2/repository/software/amazon/awssdk/wisdom/2.20.43/wisdom-2.20.43.jar:/Users/shteckel/.m2/repository/software/amazon/awssdk/voiceid/2.20.43/voiceid-2.20.43.jar:/Users/shteckel/.m2/repository/software/amazon/awssdk/account/2.20.43/account-2.20.43.jar:/Users/shteckel/.m2/repository/software/amazon/awssdk/cloudcontrol/2.20.43/cloudcontrol-2.20.43.jar:/Users/shteckel/.m2/repository/software/amazon/awssdk/grafana/2.20.43/grafana-2.20.43.jar:/Users/shteckel/.m2/repository/software/amazon/awssdk/panorama/2.20.43/panorama-2.20.43.jar:/Users/shteckel/.m2/repository/software/amazon/awssdk/chimesdkmeetings/2.20.43/chimesdkmeetings-2.20.43.jar:/Users/shteckel/.m2/repository/software/amazon/awssdk/resiliencehub/2.20.43/resiliencehub-2.20.43.jar:/Users/shteckel/.m2/repository/software/amazon/awssdk/migrationhubstrategy/2.20.43/migrationhubstrategy-2.20.43.jar:/Users/shteckel/.m2/repository/software/amazon/awssdk/drs/2.20.43/drs-2.20.43.jar:/Users/shteckel/.m2/repository/software/amazon/awssdk/appconfigdata/2.20.43/appconfigdata-2.20.43.jar:/Users/shteckel/.m2/repository/software/amazon/awssdk/migrationhubrefactorspaces/2.20.43/migrationhubrefactorspaces-2.20.43.jar:/Users/shteckel/.m2/repository/software/amazon/awssdk/inspector2/2.20.43/inspector2-2.20.43.jar:/Users/shteckel/.m2/repository/software/amazon/awssdk/evidently/2.20.43/evidently-2.20.43.jar:/Users/shteckel/.m2/repository/software/amazon/awssdk/rum/2.20.43/rum-2.20.43.jar:/Users/shteckel/.m2/repository/software/amazon/awssdk/rbin/2.20.43/rbin-2.20.43.jar:/Users/shteckel/.m2/repository/software/amazon/awssdk/iottwinmaker/2.20.43/iottwinmaker-2.20.43.jar:/Users/shteckel/.m2/repository/software/amazon/awssdk/workspacesweb/2.20.43/workspacesweb-2.20.43.jar:/Users/shteckel/.m2/repository/software/amazon/awssdk/backupgateway/2.20.43/backupgateway-2.20.43.jar:/Users/shteckel/.m2/repository/software/amazon/awssdk/amplifyuibuilder/2.20.43/amplifyuibuilder-2.20.43.jar:/Users/shteckel/.m2/repository/software/amazon/awssdk/keyspaces/2.20.43/keyspaces-2.20.43.jar:/Users/shteckel/.m2/repository/software/amazon/awssdk/billingconductor/2.20.43/billingconductor-2.20.43.jar:/Users/shteckel/.m2/repository/software/amazon/awssdk/gamesparks/2.20.43/gamesparks-2.20.43.jar:/Users/shteckel/.m2/repository/software/amazon/awssdk/pinpointsmsvoicev2/2.20.43/pinpointsmsvoicev2-2.20.43.jar:/Users/shteckel/.m2/repository/software/amazon/awssdk/ivschat/2.20.43/ivschat-2.20.43.jar:/Users/shteckel/.m2/repository/software/amazon/awssdk/chimesdkmediapipelines/2.20.43/chimesdkmediapipelines-2.20.43.jar:/Users/shteckel/.m2/repository/software/amazon/awssdk/emrserverless/2.20.43/emrserverless-2.20.43.jar:/Users/shteckel/.m2/repository/software/amazon/awssdk/m2/2.20.43/m2-2.20.43.jar:/Users/shteckel/.m2/repository/software/amazon/awssdk/connectcampaigns/2.20.43/connectcampaigns-2.20.43.jar:/Users/shteckel/.m2/repository/software/amazon/awssdk/redshiftserverless/2.20.43/redshiftserverless-2.20.43.jar:/Users/shteckel/.m2/repository/software/amazon/awssdk/rolesanywhere/2.20.43/rolesanywhere-2.20.43.jar:/Users/shteckel/.m2/repository/software/amazon/awssdk/licensemanagerusersubscriptions/2.20.43/licensemanagerusersubscriptions-2.20.43.jar:/Users/shteckel/.m2/repository/software/amazon/awssdk/backupstorage/2.20.43/backupstorage-2.20.43.jar:/Users/shteckel/.m2/repository/software/amazon/awssdk/privatenetworks/2.20.43/privatenetworks-2.20.43.jar:/Users/shteckel/.m2/repository/software/amazon/awssdk/supportapp/2.20.43/supportapp-2.20.43.jar:/Users/shteckel/.m2/repository/software/amazon/awssdk/controltower/2.20.43/controltower-2.20.43.jar:/Users/shteckel/.m2/repository/software/amazon/awssdk/iotfleetwise/2.20.43/iotfleetwise-2.20.43.jar:/Users/shteckel/.m2/repository/software/amazon/awssdk/migrationhuborchestrator/2.20.43/migrationhuborchestrator-2.20.43.jar:/Users/shteckel/.m2/repository/software/amazon/awssdk/connectcases/2.20.43/connectcases-2.20.43.jar:/Users/shteckel/.m2/repository/software/amazon/awssdk/resourceexplorer2/2.20.43/resourceexplorer2-2.20.43.jar:/Users/shteckel/.m2/repository/software/amazon/awssdk/scheduler/2.20.43/scheduler-2.20.43.jar:/Users/shteckel/.m2/repository/software/amazon/awssdk/ssmsap/2.20.43/ssmsap-2.20.43.jar:/Users/shteckel/.m2/repository/software/amazon/awssdk/chimesdkvoice/2.20.43/chimesdkvoice-2.20.43.jar:/Users/shteckel/.m2/repository/software/amazon/awssdk/iotroborunner/2.20.43/iotroborunner-2.20.43.jar:/Users/shteckel/.m2/repository/software/amazon/awssdk/oam/2.20.43/oam-2.20.43.jar:/Users/shteckel/.m2/repository/software/amazon/awssdk/arczonalshift/2.20.43/arczonalshift-2.20.43.jar:/Users/shteckel/.m2/repository/software/amazon/awssdk/simspaceweaver/2.20.43/simspaceweaver-2.20.43.jar:/Users/shteckel/.m2/repository/software/amazon/awssdk/securitylake/2.20.43/securitylake-2.20.43.jar:/Users/shteckel/.m2/repository/software/amazon/awssdk/opensearchserverless/2.20.43/opensearchserverless-2.20.43.jar:/Users/shteckel/.m2/repository/software/amazon/awssdk/omics/2.20.43/omics-2.20.43.jar:/Users/shteckel/.m2/repository/software/amazon/awssdk/docdbelastic/2.20.43/docdbelastic-2.20.43.jar:/Users/shteckel/.m2/repository/software/amazon/awssdk/sagemakergeospatial/2.20.43/sagemakergeospatial-2.20.43.jar:/Users/shteckel/.m2/repository/software/amazon/awssdk/pipes/2.20.43/pipes-2.20.43.jar:/Users/shteckel/.m2/repository/software/amazon/awssdk/codecatalyst/2.20.43/codecatalyst-2.20.43.jar:/Users/shteckel/.m2/repository/software/amazon/awssdk/sagemakermetrics/2.20.43/sagemakermetrics-2.20.43.jar:/Users/shteckel/.m2/repository/software/amazon/awssdk/kinesisvideowebrtcstorage/2.20.43/kinesisvideowebrtcstorage-2.20.43.jar:/Users/shteckel/.m2/repository/software/amazon/awssdk/licensemanagerlinuxsubscriptions/2.20.43/licensemanagerlinuxsubscriptions-2.20.43.jar:/Users/shteckel/.m2/repository/software/amazon/awssdk/kendraranking/2.20.43/kendraranking-2.20.43.jar:/Users/shteckel/.m2/repository/software/amazon/awssdk/cleanrooms/2.20.43/cleanrooms-2.20.43.jar:/Users/shteckel/.m2/repository/software/amazon/awssdk/cloudtraildata/2.20.43/cloudtraildata-2.20.43.jar:/Users/shteckel/.m2/repository/software/amazon/awssdk/tnb/2.20.43/tnb-2.20.43.jar:/Users/shteckel/.m2/repository/software/amazon/awssdk/internetmonitor/2.20.43/internetmonitor-2.20.43.jar:/Users/shteckel/.m2/repository/software/amazon/awssdk/ivsrealtime/2.20.43/ivsrealtime-2.20.43.jar:/Users/shteckel/.m2/repository/software/amazon/awssdk/vpclattice/2.20.43/vpclattice-2.20.43.jar:/Users/shteckel/.m2/repository/software/amazon/awssdk/osis/2.20.74/osis-2.20.74.jar:/Users/shteckel/.m2/repository/software/amazon/awssdk/mediapackagev2/2.20.74/mediapackagev2-2.20.74.jar:/Users/shteckel/.m2/repository/software/amazon/awssdk/apache-client/2.20.43/apache-client-2.20.43.jar:/Users/shteckel/.m2/repository/org/apache/httpcomponents/httpclient/4.5.13/httpclient-4.5.13.jar:/Users/shteckel/.m2/repository/org/apache/httpcomponents/httpcore/4.4.13/httpcore-4.4.13.jar:/Users/shteckel/.m2/repository/commons-codec/commons-codec/1.15/commons-codec-1.15.jar:/Users/shteckel/.m2/repository/org/slf4j/slf4j-api/1.7.28/slf4j-api-1.7.28.jar:/Users/shteckel/.m2/repository/org/slf4j/slf4j-simple/1.7.28/slf4j-simple-1.7.28.jar:/Users/shteckel/.m2/repository/org/slf4j/jcl-over-slf4j/1.7.28/jcl-over-slf4j-1.7.28.jar:/Users/shteckel/.m2/repository/org/junit/jupiter/junit-jupiter/5.8.1/junit-jupiter-5.8.1.jar:/Users/shteckel/.m2/repository/org/junit/jupiter/junit-jupiter-api/5.8.1/junit-jupiter-api-5.8.1.jar:/Users/shteckel/.m2/repository/org/opentest4j/opentest4j/1.2.0/opentest4j-1.2.0.jar:/Users/shteckel/.m2/repository/org/junit/platform/junit-platform-commons/1.8.1/junit-platform-commons-1.8.1.jar:/Users/shteckel/.m2/repository/org/apiguardian/apiguardian-api/1.1.2/apiguardian-api-1.1.2.jar:/Users/shteckel/.m2/repository/org/junit/jupiter/junit-jupiter-params/5.8.1/junit-jupiter-params-5.8.1.jar:/Users/shteckel/.m2/repository/org/junit/jupiter/junit-jupiter-engine/5.8.1/junit-jupiter-engine-5.8.1.jar:/Users/shteckel/.m2/repository/org/junit/platform/junit-platform-engine/1.8.1/junit-platform-engine-1.8.1.jar:"/>
    <property name="sun.cpu.endian" value="little"/>
    <property name="user.home" value="/Users/shteckel"/>
    <property name="user.language" value="en"/>
    <property name="java.specification.vendor" value="Oracle Corporation"/>
    <property name="java.version.date" value="2023-04-18"/>
    <property name="java.home" value="/Library/Java/JavaVirtualMachines/temurin-17.jdk/Contents/Home"/>
    <property name="file.separator" value="/"/>
    <property name="basedir" value="/Users/shteckel/Documents/JavaDemoPrgv2/getstarted"/>
    <property name="java.vm.compressedOopsMode" value="Zero based"/>
    <property name="line.separator" value="&#10;"/>
    <property name="java.vm.specification.vendor" value="Oracle Corporation"/>
    <property name="java.specification.name" value="Java Platform API Specification"/>
    <property name="surefire.real.class.path" value="/Users/shteckel/Documents/JavaDemoPrgv2/getstarted/target/surefire/surefirebooter-20230601180356245_3.jar"/>
    <property name="sun.management.compiler" value="HotSpot 64-Bit Tiered Compilers"/>
    <property name="ftp.nonProxyHosts" value="local|*.local|169.254/16|*.169.254/16"/>
    <property name="java.runtime.version" value="17.0.7+7"/>
    <property name="user.name" value="shteckel"/>
    <property name="path.separator" value=":"/>
    <property name="os.version" value="13.4"/>
    <property name="java.runtime.name" value="OpenJDK Runtime Environment"/>
    <property name="file.encoding" value="UTF-8"/>
    <property name="java.vm.name" value="OpenJDK 64-Bit Server VM"/>
    <property name="java.vendor.version" value="Temurin-17.0.7+7"/>
    <property name="localRepository" value="/Users/shteckel/.m2/repository"/>
    <property name="java.vendor.url.bug" value="https://github.com/adoptium/adoptium-support/issues"/>
    <property name="java.io.tmpdir" value="/var/folders/fh/zhn3hrjn22g__2gznc8wm8cdt3y2mf/T/"/>
    <property name="java.version" value="17.0.7"/>
    <property name="user.dir" value="/Users/shteckel/Documents/JavaDemoPrgv2/getstarted"/>
    <property name="os.arch" value="x86_64"/>
    <property name="java.vm.specification.name" value="Java Virtual Machine Specification"/>
    <property name="native.encoding" value="UTF-8"/>
    <property name="java.library.path" value="/Users/shteckel/Library/Java/Extensions:/Library/Java/Extensions:/Network/Library/Java/Extensions:/System/Library/Java/Extensions:/usr/lib/java:."/>
    <property name="java.vm.info" value="mixed mode, sharing"/>
    <property name="java.vendor" value="Eclipse Adoptium"/>
    <property name="java.vm.version" value="17.0.7+7"/>
    <property name="sun.io.unicode.encoding" value="UnicodeBig"/>
    <property name="socksNonProxyHosts" value="local|*.local|169.254/16|*.169.254/16"/>
    <property name="java.class.version" value="61.0"/>
  </properties>
  <testcase name="verify_emailTest1" classname="org.example.verify_emailTest" time="0.004">
    <system-out><![CDATA[The email is sasdas@sdasd.com
Is email valid? true
]]></system-out>
  </testcase>
  <testcase name="verify_emailTest2" classname="org.example.verify_emailTest" time="0.002">
    <system-out><![CDATA[The email is sasdas@sd-asd.com
Is email valid? false
]]></system-out>
  </testcase>
</testsuite>